{"numFailedTestSuites":4,"numFailedTests":4,"numPassedTestSuites":79,"numPassedTests":773,"numPendingTestSuites":0,"numPendingTests":0,"numRuntimeErrorTestSuites":1,"numTodoTests":0,"numTotalTestSuites":83,"numTotalTests":777,"openHandles":[],"snapshot":{"added":0,"didUpdate":false,"failure":false,"filesAdded":0,"filesRemoved":0,"filesRemovedList":[],"filesUnmatched":0,"filesUpdated":0,"matched":0,"total":0,"unchecked":0,"uncheckedKeysByFile":[],"unmatched":0,"updated":0},"startTime":1774860571371,"success":false,"testResults":[{"assertionResults":[{"ancestorTitles":["Grocery List"],"duration":55,"failureDetails":[],"failureMessages":[],"fullName":"Grocery List addItem creates an item and saves","invocations":1,"location":null,"numPassingAsserts":2,"retryReasons":[],"status":"passed","title":"addItem creates an item and saves"},{"ancestorTitles":["Grocery List"],"duration":16,"failureDetails":[],"failureMessages":[],"fullName":"Grocery List toggleItem flips done state","invocations":1,"location":null,"numPassingAsserts":1,"retryReasons":[],"status":"passed","title":"toggleItem flips done state"},{"ancestorTitles":["Grocery List"],"duration":5,"failureDetails":[],"failureMessages":[],"fullName":"Grocery List removeItem deletes from items","invocations":1,"location":null,"numPassingAsserts":1,"retryReasons":[],"status":"passed","title":"removeItem deletes from items"},{"ancestorTitles":["Grocery List"],"duration":5,"failureDetails":[],"failureMessages":[],"fullName":"Grocery List clearDone removes completed items","invocations":1,"location":null,"numPassingAsserts":2,"retryReasons":[],"status":"passed","title":"clearDone removes completed items"}],"endTime":1774860573592,"message":"","name":"J:\\simplewebsites\\simplewebsites\\sites\\grocery-list\\__tests__\\app.test.js","startTime":1774860572677,"status":"passed","summary":""},{"assertionResults":[{"ancestorTitles":["Markdown Editor"],"duration":38,"failureDetails":[],"failureMessages":[],"fullName":"Markdown Editor init loads default content if nothing saved","invocations":1,"location":null,"numPassingAsserts":1,"retryReasons":[],"status":"passed","title":"init loads default content if nothing saved"},{"ancestorTitles":["Markdown Editor"],"duration":9,"failureDetails":[],"failureMessages":[],"fullName":"Markdown Editor updatePreview renders markdown","invocations":1,"location":null,"numPassingAsserts":2,"retryReasons":[],"status":"passed","title":"updatePreview renders markdown"},{"ancestorTitles":["Markdown Editor"],"duration":9,"failureDetails":[{"matcherResult":{"message":"\u001b[2mexpect(\u001b[22m\u001b[31mjest.fn()\u001b[39m\u001b[2m).\u001b[22mtoHaveBeenCalledWith\u001b[2m(\u001b[22m\u001b[32m...expected\u001b[39m\u001b[2m)\u001b[22m\n\nExpected: \u001b[32m\"md-editor-content\"\u001b[39m, \u001b[32m\"New Content\"\u001b[39m\n\nNumber of calls: \u001b[31m0\u001b[39m","pass":false}}],"failureMessages":["Error: \u001b[2mexpect(\u001b[22m\u001b[31mjest.fn()\u001b[39m\u001b[2m).\u001b[22mtoHaveBeenCalledWith\u001b[2m(\u001b[22m\u001b[32m...expected\u001b[39m\u001b[2m)\u001b[22m\n\nExpected: \u001b[32m\"md-editor-content\"\u001b[39m, \u001b[32m\"New Content\"\u001b[39m\n\nNumber of calls: \u001b[31m0\u001b[39m\n    at Object.toHaveBeenCalledWith (J:\\simplewebsites\\simplewebsites\\sites\\markdown-editor\\__tests__\\app.test.js:60:33)\n    at Promise.then.completed (J:\\simplewebsites\\simplewebsites\\node_modules\\jest-circus\\build\\utils.js:298:28)\n    at new Promise (<anonymous>)\n    at callAsyncCircusFn (J:\\simplewebsites\\simplewebsites\\node_modules\\jest-circus\\build\\utils.js:231:10)\n    at _callCircusTest (J:\\simplewebsites\\simplewebsites\\node_modules\\jest-circus\\build\\run.js:316:40)\n    at processTicksAndRejections (node:internal/process/task_queues:104:5)\n    at _runTest (J:\\simplewebsites\\simplewebsites\\node_modules\\jest-circus\\build\\run.js:252:3)\n    at _runTestsForDescribeBlock (J:\\simplewebsites\\simplewebsites\\node_modules\\jest-circus\\build\\run.js:126:9)\n    at _runTestsForDescribeBlock (J:\\simplewebsites\\simplewebsites\\node_modules\\jest-circus\\build\\run.js:121:9)\n    at run (J:\\simplewebsites\\simplewebsites\\node_modules\\jest-circus\\build\\run.js:71:3)\n    at runAndTransformResultsToJestFormat (J:\\simplewebsites\\simplewebsites\\node_modules\\jest-circus\\build\\legacy-code-todo-rewrite\\jestAdapterInit.js:122:21)\n    at jestAdapter (J:\\simplewebsites\\simplewebsites\\node_modules\\jest-circus\\build\\legacy-code-todo-rewrite\\jestAdapter.js:79:19)\n    at runTestInternal (J:\\simplewebsites\\simplewebsites\\node_modules\\jest-runner\\build\\runTest.js:367:16)\n    at runTest (J:\\simplewebsites\\simplewebsites\\node_modules\\jest-runner\\build\\runTest.js:444:34)\n    at Object.worker (J:\\simplewebsites\\simplewebsites\\node_modules\\jest-runner\\build\\testWorker.js:106:12)"],"fullName":"Markdown Editor autoSave uses timeout","invocations":1,"location":null,"numPassingAsserts":1,"retryReasons":[],"status":"failed","title":"autoSave uses timeout"},{"ancestorTitles":["Markdown Editor"],"duration":8,"failureDetails":[],"failureMessages":[],"fullName":"Markdown Editor clearEditor confirms and clears","invocations":1,"location":null,"numPassingAsserts":1,"retryReasons":[],"status":"passed","title":"clearEditor confirms and clears"},{"ancestorTitles":["Markdown Editor"],"duration":4,"failureDetails":[],"failureMessages":[],"fullName":"Markdown Editor downloadFile handles download","invocations":1,"location":null,"numPassingAsserts":2,"retryReasons":[],"status":"passed","title":"downloadFile handles download"}],"endTime":1774860573618,"message":"\u001b[1m\u001b[31m  \u001b[1m● \u001b[22m\u001b[1mMarkdown Editor › autoSave uses timeout\u001b[39m\u001b[22m\n\n    \u001b[2mexpect(\u001b[22m\u001b[31mjest.fn()\u001b[39m\u001b[2m).\u001b[22mtoHaveBeenCalledWith\u001b[2m(\u001b[22m\u001b[32m...expected\u001b[39m\u001b[2m)\u001b[22m\n\n    Expected: \u001b[32m\"md-editor-content\"\u001b[39m, \u001b[32m\"New Content\"\u001b[39m\n\n    Number of calls: \u001b[31m0\u001b[39m\n\u001b[2m\u001b[22m\n\u001b[2m    \u001b[0m \u001b[90m 58 |\u001b[39m     expect(mockStorage\u001b[33m.\u001b[39msetItem)\u001b[33m.\u001b[39mnot\u001b[33m.\u001b[39mtoHaveBeenCalled()\u001b[33m;\u001b[39m\u001b[22m\n\u001b[2m     \u001b[90m 59 |\u001b[39m     jest\u001b[33m.\u001b[39madvanceTimersByTime(\u001b[35m1000\u001b[39m)\u001b[33m;\u001b[39m\u001b[22m\n\u001b[2m    \u001b[31m\u001b[1m>\u001b[22m\u001b[2m\u001b[39m\u001b[90m 60 |\u001b[39m     expect(mockStorage\u001b[33m.\u001b[39msetItem)\u001b[33m.\u001b[39mtoHaveBeenCalledWith(\u001b[32m'md-editor-content'\u001b[39m\u001b[33m,\u001b[39m \u001b[32m'New Content'\u001b[39m)\u001b[33m;\u001b[39m\u001b[22m\n\u001b[2m     \u001b[90m    |\u001b[39m                                 \u001b[31m\u001b[1m^\u001b[22m\u001b[2m\u001b[39m\u001b[22m\n\u001b[2m     \u001b[90m 61 |\u001b[39m     jest\u001b[33m.\u001b[39museRealTimers()\u001b[33m;\u001b[39m\u001b[22m\n\u001b[2m     \u001b[90m 62 |\u001b[39m   })\u001b[33m;\u001b[39m\u001b[22m\n\u001b[2m     \u001b[90m 63 |\u001b[39m\u001b[0m\u001b[22m\n\u001b[2m\u001b[22m\n\u001b[2m      \u001b[2mat Object.toHaveBeenCalledWith (\u001b[22m\u001b[2m\u001b[0m\u001b[36msites/markdown-editor/__tests__/app.test.js\u001b[39m\u001b[0m\u001b[2m:60:33)\u001b[22m\u001b[2m\u001b[22m\n","name":"J:\\simplewebsites\\simplewebsites\\sites\\markdown-editor\\__tests__\\app.test.js","startTime":1774860572602,"status":"failed","summary":""},{"assertionResults":[{"ancestorTitles":["Word Scramble Game"],"duration":52,"failureDetails":[],"failureMessages":[],"fullName":"Word Scramble Game scrambleWord returns shuffled string","invocations":1,"location":null,"numPassingAsserts":2,"retryReasons":[],"status":"passed","title":"scrambleWord returns shuffled string"},{"ancestorTitles":["Word Scramble Game"],"duration":69,"failureDetails":[],"failureMessages":[],"fullName":"Word Scramble Game checkGuess handles correct answer","invocations":1,"location":null,"numPassingAsserts":2,"retryReasons":[],"status":"passed","title":"checkGuess handles correct answer"},{"ancestorTitles":["Word Scramble Game"],"duration":18,"failureDetails":[],"failureMessages":[],"fullName":"Word Scramble Game showHint penalizes score","invocations":1,"location":null,"numPassingAsserts":2,"retryReasons":[],"status":"passed","title":"showHint penalizes score"},{"ancestorTitles":["Word Scramble Game"],"duration":22,"failureDetails":[],"failureMessages":[],"fullName":"Word Scramble Game saveScore and renderHighScores","invocations":1,"location":null,"numPassingAsserts":1,"retryReasons":[],"status":"passed","title":"saveScore and renderHighScores"}],"endTime":1774860573643,"message":"","name":"J:\\simplewebsites\\simplewebsites\\sites\\word-scramble\\__tests__\\app.test.js","startTime":1774860572579,"status":"passed","summary":""},{"assertionResults":[{"ancestorTitles":["Trivia Quiz Game"],"duration":49,"failureDetails":[],"failureMessages":[],"fullName":"Trivia Quiz Game shuffle returns new array of same items","invocations":1,"location":null,"numPassingAsserts":3,"retryReasons":[],"status":"passed","title":"shuffle returns new array of same items"},{"ancestorTitles":["Trivia Quiz Game"],"duration":22,"failureDetails":[],"failureMessages":[],"fullName":"Trivia Quiz Game startQuiz initializes with category or all","invocations":1,"location":null,"numPassingAsserts":3,"retryReasons":[],"status":"passed","title":"startQuiz initializes with category or all"},{"ancestorTitles":["Trivia Quiz Game"],"duration":14,"failureDetails":[],"failureMessages":[],"fullName":"Trivia Quiz Game showQuestion renders current question","invocations":1,"location":null,"numPassingAsserts":1,"retryReasons":[],"status":"passed","title":"showQuestion renders current question"},{"ancestorTitles":["Trivia Quiz Game"],"duration":29,"failureDetails":[],"failureMessages":[],"fullName":"Trivia Quiz Game selectAnswer handles correct and incorrect choice","invocations":1,"location":null,"numPassingAsserts":3,"retryReasons":[],"status":"passed","title":"selectAnswer handles correct and incorrect choice"},{"ancestorTitles":["Trivia Quiz Game"],"duration":60,"failureDetails":[],"failureMessages":[],"fullName":"Trivia Quiz Game finishQuiz shows results based on accuracy","invocations":1,"location":null,"numPassingAsserts":1,"retryReasons":[],"status":"passed","title":"finishQuiz shows results based on accuracy"},{"ancestorTitles":["Trivia Quiz Game"],"duration":28,"failureDetails":[],"failureMessages":[],"fullName":"Trivia Quiz Game saveScore and renderHighScores interact with LocalStorage","invocations":1,"location":null,"numPassingAsserts":2,"retryReasons":[],"status":"passed","title":"saveScore and renderHighScores interact with LocalStorage"}],"endTime":1774860573649,"message":"","name":"J:\\simplewebsites\\simplewebsites\\sites\\trivia-quiz-game\\__tests__\\app.test.js","startTime":1774860572571,"status":"passed","summary":""},{"assertionResults":[{"ancestorTitles":["Memory Card Game"],"duration":23,"failureDetails":[],"failureMessages":[],"fullName":"Memory Card Game shuffle returns new array of same items","invocations":1,"location":null,"numPassingAsserts":3,"retryReasons":[],"status":"passed","title":"shuffle returns new array of same items"},{"ancestorTitles":["Memory Card Game"],"duration":9,"failureDetails":[],"failureMessages":[],"fullName":"Memory Card Game generateCards creates a duplicated emoji set","invocations":1,"location":null,"numPassingAsserts":2,"retryReasons":[],"status":"passed","title":"generateCards creates a duplicated emoji set"},{"ancestorTitles":["Memory Card Game"],"duration":89,"failureDetails":[],"failureMessages":[],"fullName":"Memory Card Game setSize and resetGame update grid","invocations":1,"location":null,"numPassingAsserts":3,"retryReasons":[],"status":"passed","title":"setSize and resetGame update grid"},{"ancestorTitles":["Memory Card Game"],"duration":25,"failureDetails":[],"failureMessages":[],"fullName":"Memory Card Game flipCard handles matching logic","invocations":1,"location":null,"numPassingAsserts":7,"retryReasons":[],"status":"passed","title":"flipCard handles matching logic"},{"ancestorTitles":["Memory Card Game"],"duration":64,"failureDetails":[],"failureMessages":[],"fullName":"Memory Card Game gameWon and high scores","invocations":1,"location":null,"numPassingAsserts":1,"retryReasons":[],"status":"passed","title":"gameWon and high scores"},{"ancestorTitles":["Memory Card Game"],"duration":35,"failureDetails":[],"failureMessages":[],"fullName":"Memory Card Game renderBestScores displays from storage","invocations":1,"location":null,"numPassingAsserts":1,"retryReasons":[],"status":"passed","title":"renderBestScores displays from storage"},{"ancestorTitles":["Memory Card Game"],"duration":6,"failureDetails":[],"failureMessages":[],"fullName":"Memory Card Game updateStats updates DOM with timer","invocations":1,"location":null,"numPassingAsserts":2,"retryReasons":[],"status":"passed","title":"updateStats updates DOM with timer"}],"endTime":1774860573745,"message":"","name":"J:\\simplewebsites\\simplewebsites\\sites\\memory-card-game\\__tests__\\app.test.js","startTime":1774860572592,"status":"passed","summary":""},{"assertionResults":[{"ancestorTitles":["Morse Code Translator"],"duration":25,"failureDetails":[],"failureMessages":[],"fullName":"Morse Code Translator textToMorse converts text to dots and dashes","invocations":1,"location":null,"numPassingAsserts":2,"retryReasons":[],"status":"passed","title":"textToMorse converts text to dots and dashes"},{"ancestorTitles":["Morse Code Translator"],"duration":2,"failureDetails":[],"failureMessages":[],"fullName":"Morse Code Translator morseToText converts dots and dashes to text","invocations":1,"location":null,"numPassingAsserts":2,"retryReasons":[],"status":"passed","title":"morseToText converts dots and dashes to text"},{"ancestorTitles":["Morse Code Translator"],"duration":2,"failureDetails":[],"failureMessages":[],"fullName":"Morse Code Translator MORSE map is complete","invocations":1,"location":null,"numPassingAsserts":2,"retryReasons":[],"status":"passed","title":"MORSE map is complete"}],"endTime":1774860573779,"message":"","name":"J:\\simplewebsites\\simplewebsites\\sites\\morse-code-translator\\__tests__\\app.test.js","startTime":1774860573621,"status":"passed","summary":""},{"assertionResults":[{"ancestorTitles":["Invoice Generator"],"duration":90,"failureDetails":[],"failureMessages":[],"fullName":"Invoice Generator addItem adds to items array and updates DOM","invocations":1,"location":null,"numPassingAsserts":2,"retryReasons":[],"status":"passed","title":"addItem adds to items array and updates DOM"},{"ancestorTitles":["Invoice Generator"],"duration":10,"failureDetails":[],"failureMessages":[],"fullName":"Invoice Generator removeItem removes from items array and updates DOM","invocations":1,"location":null,"numPassingAsserts":2,"retryReasons":[],"status":"passed","title":"removeItem removes from items array and updates DOM"},{"ancestorTitles":["Invoice Generator"],"duration":43,"failureDetails":[],"failureMessages":[],"fullName":"Invoice Generator updateItem changes value and updates preview","invocations":1,"location":null,"numPassingAsserts":2,"retryReasons":[],"status":"passed","title":"updateItem changes value and updates preview"},{"ancestorTitles":["Invoice Generator"],"duration":13,"failureDetails":[],"failureMessages":[],"fullName":"Invoice Generator updatePreview calculates totals correctly","invocations":1,"location":null,"numPassingAsserts":3,"retryReasons":[],"status":"passed","title":"updatePreview calculates totals correctly"},{"ancestorTitles":["Invoice Generator"],"duration":33,"failureDetails":[],"failureMessages":[],"fullName":"Invoice Generator init sets dates","invocations":1,"location":null,"numPassingAsserts":2,"retryReasons":[],"status":"passed","title":"init sets dates"}],"endTime":1774860573789,"message":"","name":"J:\\simplewebsites\\simplewebsites\\sites\\invoice-generator\\__tests__\\app.test.js","startTime":1774860572724,"status":"passed","summary":""},{"assertionResults":[{"ancestorTitles":["Rank Everything"],"duration":103,"failureDetails":[{"matcherResult":{"message":"\u001b[2mexpect(\u001b[22m\u001b[31mjest.fn()\u001b[39m\u001b[2m).\u001b[22mtoHaveBeenCalledWith\u001b[2m(\u001b[22m\u001b[32m...expected\u001b[39m\u001b[2m)\u001b[22m\n\nExpected: \u001b[32mStringContaining \"coingecko\"\u001b[39m, \u001b[32mAny<Object>\u001b[39m\nReceived: \u001b[2m\"https://api.coingecko.com/api/v3/coins/markets?vs_currency=usd&order=market_cap_desc&per_page=20&page=1&sparkline=false\"\u001b[22m\n\nNumber of calls: \u001b[31m1\u001b[39m","pass":false}}],"failureMessages":["Error: \u001b[2mexpect(\u001b[22m\u001b[31mjest.fn()\u001b[39m\u001b[2m).\u001b[22mtoHaveBeenCalledWith\u001b[2m(\u001b[22m\u001b[32m...expected\u001b[39m\u001b[2m)\u001b[22m\n\nExpected: \u001b[32mStringContaining \"coingecko\"\u001b[39m, \u001b[32mAny<Object>\u001b[39m\nReceived: \u001b[2m\"https://api.coingecko.com/api/v3/coins/markets?vs_currency=usd&order=market_cap_desc&per_page=20&page=1&sparkline=false\"\u001b[22m\n\nNumber of calls: \u001b[31m1\u001b[39m\n    at Object.toHaveBeenCalledWith (J:\\simplewebsites\\simplewebsites\\sites\\rank-everything\\__tests__\\app.test.js:61:26)\n    at processTicksAndRejections (node:internal/process/task_queues:104:5)"],"fullName":"Rank Everything loadCategory calls crypto API and renders","invocations":1,"location":null,"numPassingAsserts":0,"retryReasons":[],"status":"failed","title":"loadCategory calls crypto API and renders"},{"ancestorTitles":["Rank Everything"],"duration":12,"failureDetails":[],"failureMessages":[],"fullName":"Rank Everything createList adds to storage and calls sync","invocations":1,"location":null,"numPassingAsserts":3,"retryReasons":[],"status":"passed","title":"createList adds to storage and calls sync"},{"ancestorTitles":["Rank Everything"],"duration":20,"failureDetails":[{}],"failureMessages":["TypeError: Cannot read properties of undefined (reading 'catch')\n    at rateItem (J:\\simplewebsites\\simplewebsites\\sites\\rank-everything\\app.js:238:7)\n    at Object.rateItem (J:\\simplewebsites\\simplewebsites\\sites\\rank-everything\\__tests__\\app.test.js:85:5)\n    at Promise.then.completed (J:\\simplewebsites\\simplewebsites\\node_modules\\jest-circus\\build\\utils.js:298:28)\n    at new Promise (<anonymous>)\n    at callAsyncCircusFn (J:\\simplewebsites\\simplewebsites\\node_modules\\jest-circus\\build\\utils.js:231:10)\n    at _callCircusTest (J:\\simplewebsites\\simplewebsites\\node_modules\\jest-circus\\build\\run.js:316:40)\n    at processTicksAndRejections (node:internal/process/task_queues:104:5)\n    at _runTest (J:\\simplewebsites\\simplewebsites\\node_modules\\jest-circus\\build\\run.js:252:3)\n    at _runTestsForDescribeBlock (J:\\simplewebsites\\simplewebsites\\node_modules\\jest-circus\\build\\run.js:126:9)\n    at _runTestsForDescribeBlock (J:\\simplewebsites\\simplewebsites\\node_modules\\jest-circus\\build\\run.js:121:9)\n    at run (J:\\simplewebsites\\simplewebsites\\node_modules\\jest-circus\\build\\run.js:71:3)\n    at runAndTransformResultsToJestFormat (J:\\simplewebsites\\simplewebsites\\node_modules\\jest-circus\\build\\legacy-code-todo-rewrite\\jestAdapterInit.js:122:21)\n    at jestAdapter (J:\\simplewebsites\\simplewebsites\\node_modules\\jest-circus\\build\\legacy-code-todo-rewrite\\jestAdapter.js:79:19)\n    at runTestInternal (J:\\simplewebsites\\simplewebsites\\node_modules\\jest-runner\\build\\runTest.js:367:16)\n    at runTest (J:\\simplewebsites\\simplewebsites\\node_modules\\jest-runner\\build\\runTest.js:444:34)\n    at Object.worker (J:\\simplewebsites\\simplewebsites\\node_modules\\jest-runner\\build\\testWorker.js:106:12)"],"fullName":"Rank Everything rateItem updates score and sorts","invocations":1,"location":null,"numPassingAsserts":0,"retryReasons":[],"status":"failed","title":"rateItem updates score and sorts"},{"ancestorTitles":["Rank Everything"],"duration":3,"failureDetails":[],"failureMessages":[],"fullName":"Rank Everything deleteList removes from storage","invocations":1,"location":null,"numPassingAsserts":1,"retryReasons":[],"status":"passed","title":"deleteList removes from storage"},{"ancestorTitles":["Rank Everything"],"duration":81,"failureDetails":[],"failureMessages":[],"fullName":"Rank Everything error handling in loadCategory","invocations":1,"location":null,"numPassingAsserts":1,"retryReasons":[],"status":"passed","title":"error handling in loadCategory"}],"endTime":1774860573812,"message":"\u001b[1m\u001b[31m  \u001b[1m● \u001b[22m\u001b[1mRank Everything › loadCategory calls crypto API and renders\u001b[39m\u001b[22m\n\n    \u001b[2mexpect(\u001b[22m\u001b[31mjest.fn()\u001b[39m\u001b[2m).\u001b[22mtoHaveBeenCalledWith\u001b[2m(\u001b[22m\u001b[32m...expected\u001b[39m\u001b[2m)\u001b[22m\n\n    Expected: \u001b[32mStringContaining \"coingecko\"\u001b[39m, \u001b[32mAny<Object>\u001b[39m\n    Received: \u001b[2m\"https://api.coingecko.com/api/v3/coins/markets?vs_currency=usd&order=market_cap_desc&per_page=20&page=1&sparkline=false\"\u001b[22m\n\n    Number of calls: \u001b[31m1\u001b[39m\n\u001b[2m\u001b[22m\n\u001b[2m    \u001b[0m \u001b[90m 59 |\u001b[39m     \u001b[22m\n\u001b[2m     \u001b[90m 60 |\u001b[39m     \u001b[36mawait\u001b[39m loadCategory(\u001b[32m'crypto'\u001b[39m)\u001b[33m;\u001b[39m\u001b[22m\n\u001b[2m    \u001b[31m\u001b[1m>\u001b[22m\u001b[2m\u001b[39m\u001b[90m 61 |\u001b[39m     expect(global\u001b[33m.\u001b[39mfetch)\u001b[33m.\u001b[39mtoHaveBeenCalledWith(expect\u001b[33m.\u001b[39mstringContaining(\u001b[32m'coingecko'\u001b[39m)\u001b[33m,\u001b[39m expect\u001b[33m.\u001b[39many(\u001b[33mObject\u001b[39m))\u001b[33m;\u001b[39m\u001b[22m\n\u001b[2m     \u001b[90m    |\u001b[39m                          \u001b[31m\u001b[1m^\u001b[22m\u001b[2m\u001b[39m\u001b[22m\n\u001b[2m     \u001b[90m 62 |\u001b[39m     expect(document\u001b[33m.\u001b[39mgetElementById(\u001b[32m'rank-list'\u001b[39m)\u001b[33m.\u001b[39minnerHTML)\u001b[33m.\u001b[39mtoContain(\u001b[32m'Bitcoin'\u001b[39m)\u001b[33m;\u001b[39m\u001b[22m\n\u001b[2m     \u001b[90m 63 |\u001b[39m   })\u001b[33m;\u001b[39m\u001b[22m\n\u001b[2m     \u001b[90m 64 |\u001b[39m\u001b[0m\u001b[22m\n\u001b[2m\u001b[22m\n\u001b[2m      \u001b[2mat Object.toHaveBeenCalledWith (\u001b[22m\u001b[2m\u001b[0m\u001b[36msites/rank-everything/__tests__/app.test.js\u001b[39m\u001b[0m\u001b[2m:61:26)\u001b[22m\u001b[2m\u001b[22m\n\n\u001b[1m\u001b[31m  \u001b[1m● \u001b[22m\u001b[1mRank Everything › rateItem updates score and sorts\u001b[39m\u001b[22m\n\n    TypeError: Cannot read properties of undefined (reading 'catch')\n\u001b[2m\u001b[22m\n\u001b[2m    \u001b[0m \u001b[90m 236 |\u001b[39m     fetch(\u001b[32m'/api/lists'\u001b[39m\u001b[33m,\u001b[39m {\u001b[22m\n\u001b[2m     \u001b[90m 237 |\u001b[39m         method\u001b[33m:\u001b[39m \u001b[32m'POST'\u001b[39m\u001b[33m,\u001b[39m body\u001b[33m:\u001b[39m \u001b[33mJSON\u001b[39m\u001b[33m.\u001b[39mstringify({ action\u001b[33m:\u001b[39m \u001b[32m'rate'\u001b[39m\u001b[33m,\u001b[39m listId\u001b[33m,\u001b[39m itemId\u001b[33m,\u001b[39m score\u001b[33m,\u001b[39m userId\u001b[33m:\u001b[39m getUserId() })\u001b[33m,\u001b[39m headers\u001b[33m:\u001b[39m { \u001b[32m'Content-Type'\u001b[39m\u001b[33m:\u001b[39m \u001b[32m'application/json'\u001b[39m }\u001b[22m\n\u001b[2m    \u001b[31m\u001b[1m>\u001b[22m\u001b[2m\u001b[39m\u001b[90m 238 |\u001b[39m     })\u001b[33m.\u001b[39m\u001b[36mcatch\u001b[39m(e \u001b[33m=>\u001b[39m console\u001b[33m.\u001b[39merror(\u001b[32m'Cloudflare sync error'\u001b[39m\u001b[33m,\u001b[39m e))\u001b[33m;\u001b[39m\u001b[22m\n\u001b[2m     \u001b[90m     |\u001b[39m       \u001b[31m\u001b[1m^\u001b[22m\u001b[2m\u001b[39m\u001b[22m\n\u001b[2m     \u001b[90m 239 |\u001b[39m\u001b[22m\n\u001b[2m     \u001b[90m 240 |\u001b[39m     \u001b[36mreturn\u001b[39m list\u001b[33m;\u001b[39m\u001b[22m\n\u001b[2m     \u001b[90m 241 |\u001b[39m }\u001b[0m\u001b[22m\n\u001b[2m\u001b[22m\n\u001b[2m      \u001b[2mat rateItem (\u001b[22m\u001b[2msites/rank-everything/app.js\u001b[2m:238:7)\u001b[22m\u001b[2m\u001b[22m\n\u001b[2m      \u001b[2mat Object.rateItem (\u001b[22m\u001b[2m\u001b[0m\u001b[36msites/rank-everything/__tests__/app.test.js\u001b[39m\u001b[0m\u001b[2m:85:5)\u001b[22m\u001b[2m\u001b[22m\n","name":"J:\\simplewebsites\\simplewebsites\\sites\\rank-everything\\__tests__\\app.test.js","startTime":1774860572575,"status":"failed","summary":""},{"assertionResults":[{"ancestorTitles":["Roman Numeral Converter"],"duration":54,"failureDetails":[],"failureMessages":[],"fullName":"Roman Numeral Converter toRoman converts integers correctly","invocations":1,"location":null,"numPassingAsserts":4,"retryReasons":[],"status":"passed","title":"toRoman converts integers correctly"},{"ancestorTitles":["Roman Numeral Converter"],"duration":16,"failureDetails":[],"failureMessages":[],"fullName":"Roman Numeral Converter toDecimal converts strings correctly","invocations":1,"location":null,"numPassingAsserts":4,"retryReasons":[],"status":"passed","title":"toDecimal converts strings correctly"},{"ancestorTitles":["Roman Numeral Converter"],"duration":2,"failureDetails":[],"failureMessages":[],"fullName":"Roman Numeral Converter edge cases for integers outside 1-3999","invocations":1,"location":null,"numPassingAsserts":2,"retryReasons":[],"status":"passed","title":"edge cases for integers outside 1-3999"}],"endTime":1774860573825,"message":"","name":"J:\\simplewebsites\\simplewebsites\\sites\\roman-numeral-converter\\__tests__\\app.test.js","startTime":1774860572790,"status":"passed","summary":""},{"assertionResults":[{"ancestorTitles":["Gradient Wallpaper Maker"],"duration":76,"failureDetails":[],"failureMessages":[],"fullName":"Gradient Wallpaper Maker getGradient returns valid CSS","invocations":1,"location":null,"numPassingAsserts":1,"retryReasons":[],"status":"passed","title":"getGradient returns valid CSS"},{"ancestorTitles":["Gradient Wallpaper Maker"],"duration":15,"failureDetails":[{"matcherResult":{"message":"\u001b[2mexpect(\u001b[22m\u001b[31mreceived\u001b[39m\u001b[2m).\u001b[22mtoContain\u001b[2m(\u001b[22m\u001b[32mexpected\u001b[39m\u001b[2m) // indexOf\u001b[22m\n\nExpected substring: \u001b[32m\"linear-gradient\"\u001b[39m\nReceived string:    \u001b[31m\"\"\u001b[39m","pass":false}}],"failureMessages":["Error: \u001b[2mexpect(\u001b[22m\u001b[31mreceived\u001b[39m\u001b[2m).\u001b[22mtoContain\u001b[2m(\u001b[22m\u001b[32mexpected\u001b[39m\u001b[2m) // indexOf\u001b[22m\n\nExpected substring: \u001b[32m\"linear-gradient\"\u001b[39m\nReceived string:    \u001b[31m\"\"\u001b[39m\n    at Object.toContain (J:\\simplewebsites\\simplewebsites\\sites\\gradient-wallpaper-maker\\__tests__\\app.test.js:50:37)\n    at Promise.then.completed (J:\\simplewebsites\\simplewebsites\\node_modules\\jest-circus\\build\\utils.js:298:28)\n    at new Promise (<anonymous>)\n    at callAsyncCircusFn (J:\\simplewebsites\\simplewebsites\\node_modules\\jest-circus\\build\\utils.js:231:10)\n    at _callCircusTest (J:\\simplewebsites\\simplewebsites\\node_modules\\jest-circus\\build\\run.js:316:40)\n    at processTicksAndRejections (node:internal/process/task_queues:104:5)\n    at _runTest (J:\\simplewebsites\\simplewebsites\\node_modules\\jest-circus\\build\\run.js:252:3)\n    at _runTestsForDescribeBlock (J:\\simplewebsites\\simplewebsites\\node_modules\\jest-circus\\build\\run.js:126:9)\n    at _runTestsForDescribeBlock (J:\\simplewebsites\\simplewebsites\\node_modules\\jest-circus\\build\\run.js:121:9)\n    at run (J:\\simplewebsites\\simplewebsites\\node_modules\\jest-circus\\build\\run.js:71:3)\n    at runAndTransformResultsToJestFormat (J:\\simplewebsites\\simplewebsites\\node_modules\\jest-circus\\build\\legacy-code-todo-rewrite\\jestAdapterInit.js:122:21)\n    at jestAdapter (J:\\simplewebsites\\simplewebsites\\node_modules\\jest-circus\\build\\legacy-code-todo-rewrite\\jestAdapter.js:79:19)\n    at runTestInternal (J:\\simplewebsites\\simplewebsites\\node_modules\\jest-runner\\build\\runTest.js:367:16)\n    at runTest (J:\\simplewebsites\\simplewebsites\\node_modules\\jest-runner\\build\\runTest.js:444:34)\n    at Object.worker (J:\\simplewebsites\\simplewebsites\\node_modules\\jest-runner\\build\\testWorker.js:106:12)"],"fullName":"Gradient Wallpaper Maker updatePreview updates element background","invocations":1,"location":null,"numPassingAsserts":0,"retryReasons":[],"status":"failed","title":"updatePreview updates element background"},{"ancestorTitles":["Gradient Wallpaper Maker"],"duration":41,"failureDetails":[],"failureMessages":[],"fullName":"Gradient Wallpaper Maker exportWallpaper triggers download logic","invocations":1,"location":null,"numPassingAsserts":1,"retryReasons":[],"status":"passed","title":"exportWallpaper triggers download logic"}],"endTime":1774860573975,"message":"\u001b[1m\u001b[31m  \u001b[1m● \u001b[22m\u001b[1mGradient Wallpaper Maker › updatePreview updates element background\u001b[39m\u001b[22m\n\n    \u001b[2mexpect(\u001b[22m\u001b[31mreceived\u001b[39m\u001b[2m).\u001b[22mtoContain\u001b[2m(\u001b[22m\u001b[32mexpected\u001b[39m\u001b[2m) // indexOf\u001b[22m\n\n    Expected substring: \u001b[32m\"linear-gradient\"\u001b[39m\n    Received string:    \u001b[31m\"\"\u001b[39m\n\u001b[2m\u001b[22m\n\u001b[2m    \u001b[0m \u001b[90m 48 |\u001b[39m     updatePreview()\u001b[33m;\u001b[39m\u001b[22m\n\u001b[2m     \u001b[90m 49 |\u001b[39m     \u001b[36mconst\u001b[39m p \u001b[33m=\u001b[39m document\u001b[33m.\u001b[39mgetElementById(\u001b[32m'preview'\u001b[39m)\u001b[33m;\u001b[39m\u001b[22m\n\u001b[2m    \u001b[31m\u001b[1m>\u001b[22m\u001b[2m\u001b[39m\u001b[90m 50 |\u001b[39m     expect(p\u001b[33m.\u001b[39mstyle\u001b[33m.\u001b[39mbackgroundImage)\u001b[33m.\u001b[39mtoContain(\u001b[32m'linear-gradient'\u001b[39m)\u001b[33m;\u001b[39m\u001b[22m\n\u001b[2m     \u001b[90m    |\u001b[39m                                     \u001b[31m\u001b[1m^\u001b[22m\u001b[2m\u001b[39m\u001b[22m\n\u001b[2m     \u001b[90m 51 |\u001b[39m   })\u001b[33m;\u001b[39m\u001b[22m\n\u001b[2m     \u001b[90m 52 |\u001b[39m\u001b[22m\n\u001b[2m     \u001b[90m 53 |\u001b[39m   test(\u001b[32m'exportWallpaper triggers download logic'\u001b[39m\u001b[33m,\u001b[39m () \u001b[33m=>\u001b[39m {\u001b[0m\u001b[22m\n\u001b[2m\u001b[22m\n\u001b[2m      \u001b[2mat Object.toContain (\u001b[22m\u001b[2m\u001b[0m\u001b[36msites/gradient-wallpaper-maker/__tests__/app.test.js\u001b[39m\u001b[0m\u001b[2m:50:37)\u001b[22m\u001b[2m\u001b[22m\n","name":"J:\\simplewebsites\\simplewebsites\\sites\\gradient-wallpaper-maker\\__tests__\\app.test.js","startTime":1774860572553,"status":"failed","summary":""},{"assertionResults":[{"ancestorTitles":["roundRectFallback()"],"duration":17,"failureDetails":[],"failureMessages":[],"fullName":"roundRectFallback() uses ctx.roundRect when available","invocations":1,"location":null,"numPassingAsserts":1,"retryReasons":[],"status":"passed","title":"uses ctx.roundRect when available"},{"ancestorTitles":["roundRectFallback()"],"duration":10,"failureDetails":[],"failureMessages":[],"fullName":"roundRectFallback() falls back to arc/moveTo when roundRect is undefined","invocations":1,"location":null,"numPassingAsserts":3,"retryReasons":[],"status":"passed","title":"falls back to arc/moveTo when roundRect is undefined"},{"ancestorTitles":["roundRectFallback()"],"duration":6,"failureDetails":[],"failureMessages":[],"fullName":"roundRectFallback() fallback draws 4 arcs for 4 corners","invocations":1,"location":null,"numPassingAsserts":1,"retryReasons":[],"status":"passed","title":"fallback draws 4 arcs for 4 corners"},{"ancestorTitles":["showQrError() and showQrSuccess()"],"duration":7,"failureDetails":[],"failureMessages":[],"fullName":"showQrError() and showQrSuccess() showQrError displays error message","invocations":1,"location":null,"numPassingAsserts":2,"retryReasons":[],"status":"passed","title":"showQrError displays error message"},{"ancestorTitles":["showQrError() and showQrSuccess()"],"duration":6,"failureDetails":[],"failureMessages":[],"fullName":"showQrError() and showQrSuccess() showQrSuccess hides status element","invocations":1,"location":null,"numPassingAsserts":1,"retryReasons":[],"status":"passed","title":"showQrSuccess hides status element"},{"ancestorTitles":["generateQR()"],"duration":9,"failureDetails":[],"failureMessages":[],"fullName":"generateQR() calls QRCode.toCanvas with correct options","invocations":1,"location":null,"numPassingAsserts":1,"retryReasons":[],"status":"passed","title":"calls QRCode.toCanvas with correct options"},{"ancestorTitles":["generateQR()"],"duration":40,"failureDetails":[],"failureMessages":[],"fullName":"generateQR() uses high error correction when logo is present","invocations":1,"location":null,"numPassingAsserts":1,"retryReasons":[],"status":"passed","title":"uses high error correction when logo is present"},{"ancestorTitles":["generateQR()"],"duration":8,"failureDetails":[],"failureMessages":[],"fullName":"generateQR() shows loading then error when QRCode library is undefined","invocations":1,"location":null,"numPassingAsserts":2,"retryReasons":[],"status":"passed","title":"shows loading then error when QRCode library is undefined"},{"ancestorTitles":["generateQR()"],"duration":62,"failureDetails":[],"failureMessages":[],"fullName":"generateQR() shows error when QRCode.toCanvas rejects","invocations":1,"location":null,"numPassingAsserts":1,"retryReasons":[],"status":"passed","title":"shows error when QRCode.toCanvas rejects"},{"ancestorTitles":["generateQR()"],"duration":6,"failureDetails":[],"failureMessages":[],"fullName":"generateQR() uses space as fallback for empty data input","invocations":1,"location":null,"numPassingAsserts":1,"retryReasons":[],"status":"passed","title":"uses space as fallback for empty data input"},{"ancestorTitles":["handleLogoUpload()"],"duration":36,"failureDetails":[],"failureMessages":[],"fullName":"handleLogoUpload() reveals remove-logo button after upload","invocations":1,"location":null,"numPassingAsserts":1,"retryReasons":[],"status":"passed","title":"reveals remove-logo button after upload"},{"ancestorTitles":["handleLogoUpload()"],"duration":4,"failureDetails":[],"failureMessages":[],"fullName":"handleLogoUpload() ignores empty file input","invocations":1,"location":null,"numPassingAsserts":1,"retryReasons":[],"status":"passed","title":"ignores empty file input"},{"ancestorTitles":["clearLogo()"],"duration":4,"failureDetails":[],"failureMessages":[],"fullName":"clearLogo() hides remove-logo button and clears input","invocations":1,"location":null,"numPassingAsserts":2,"retryReasons":[],"status":"passed","title":"hides remove-logo button and clears input"},{"ancestorTitles":["clearLogo()"],"duration":17,"failureDetails":[],"failureMessages":[],"fullName":"clearLogo() regenerates QR after clearing logo","invocations":1,"location":null,"numPassingAsserts":1,"retryReasons":[],"status":"passed","title":"regenerates QR after clearing logo"},{"ancestorTitles":["downloadQR()"],"duration":9,"failureDetails":[],"failureMessages":[],"fullName":"downloadQR() triggers canvas toDataURL and creates download link for PNG","invocations":1,"location":null,"numPassingAsserts":2,"retryReasons":[],"status":"passed","title":"triggers canvas toDataURL and creates download link for PNG"},{"ancestorTitles":["downloadQR()"],"duration":7,"failureDetails":[],"failureMessages":[],"fullName":"downloadQR() triggers QRCode.toString and creates download link for SVG","invocations":1,"location":null,"numPassingAsserts":3,"retryReasons":[],"status":"passed","title":"triggers QRCode.toString and creates download link for SVG"},{"ancestorTitles":["downloadQR()"],"duration":6,"failureDetails":[],"failureMessages":[],"fullName":"downloadQR() handles SVG generation failure gracefully","invocations":1,"location":null,"numPassingAsserts":1,"retryReasons":[],"status":"passed","title":"handles SVG generation failure gracefully"},{"ancestorTitles":["debounceGenerate()"],"duration":10,"failureDetails":[],"failureMessages":[],"fullName":"debounceGenerate() debounces generateQR call by 300ms","invocations":1,"location":null,"numPassingAsserts":1,"retryReasons":[],"status":"passed","title":"debounces generateQR call by 300ms"},{"ancestorTitles":["DOMContentLoaded Initialization"],"duration":8,"failureDetails":[],"failureMessages":[],"fullName":"DOMContentLoaded Initialization triggers init flow on DOMContentLoaded","invocations":1,"location":null,"numPassingAsserts":0,"retryReasons":[],"status":"passed","title":"triggers init flow on DOMContentLoaded"},{"ancestorTitles":["getPayloadData() Payload Compilers"],"duration":16,"failureDetails":[],"failureMessages":[],"fullName":"getPayloadData() Payload Compilers generates wifi payload","invocations":1,"location":null,"numPassingAsserts":1,"retryReasons":[],"status":"passed","title":"generates wifi payload"},{"ancestorTitles":["getPayloadData() Payload Compilers"],"duration":11,"failureDetails":[],"failureMessages":[],"fullName":"getPayloadData() Payload Compilers generates vcard payload","invocations":1,"location":null,"numPassingAsserts":2,"retryReasons":[],"status":"passed","title":"generates vcard payload"},{"ancestorTitles":["getPayloadData() Payload Compilers"],"duration":11,"failureDetails":[],"failureMessages":[],"fullName":"getPayloadData() Payload Compilers generates email payload","invocations":1,"location":null,"numPassingAsserts":1,"retryReasons":[],"status":"passed","title":"generates email payload"},{"ancestorTitles":["getPayloadData() Payload Compilers"],"duration":12,"failureDetails":[],"failureMessages":[],"fullName":"getPayloadData() Payload Compilers generates phone payload","invocations":1,"location":null,"numPassingAsserts":1,"retryReasons":[],"status":"passed","title":"generates phone payload"},{"ancestorTitles":["getPayloadData() Payload Compilers"],"duration":16,"failureDetails":[],"failureMessages":[],"fullName":"getPayloadData() Payload Compilers generates sms payload","invocations":1,"location":null,"numPassingAsserts":1,"retryReasons":[],"status":"passed","title":"generates sms payload"},{"ancestorTitles":["getPayloadData() Payload Compilers"],"duration":20,"failureDetails":[],"failureMessages":[],"fullName":"getPayloadData() Payload Compilers generates geo payload","invocations":1,"location":null,"numPassingAsserts":1,"retryReasons":[],"status":"passed","title":"generates geo payload"}],"endTime":1774860574224,"message":"","name":"J:\\simplewebsites\\simplewebsites\\sites\\qr-code-generator\\__tests__\\app.test.js","startTime":1774860573694,"status":"passed","summary":""},{"assertionResults":[{"ancestorTitles":["escapeHTML()"],"duration":6,"failureDetails":[],"failureMessages":[],"fullName":"escapeHTML() escapes < and >","invocations":1,"location":null,"numPassingAsserts":1,"retryReasons":[],"status":"passed","title":"escapes < and >"},{"ancestorTitles":["escapeHTML()"],"duration":4,"failureDetails":[],"failureMessages":[],"fullName":"escapeHTML() escapes &","invocations":1,"location":null,"numPassingAsserts":1,"retryReasons":[],"status":"passed","title":"escapes &"},{"ancestorTitles":["escapeHTML()"],"duration":4,"failureDetails":[],"failureMessages":[],"fullName":"escapeHTML() escapes double quotes","invocations":1,"location":null,"numPassingAsserts":1,"retryReasons":[],"status":"passed","title":"escapes double quotes"},{"ancestorTitles":["escapeHTML()"],"duration":8,"failureDetails":[],"failureMessages":[],"fullName":"escapeHTML() returns empty string for non-string","invocations":1,"location":null,"numPassingAsserts":2,"retryReasons":[],"status":"passed","title":"returns empty string for non-string"},{"ancestorTitles":["sanitizeHtml()"],"duration":7,"failureDetails":[],"failureMessages":[],"fullName":"sanitizeHtml() removes script tags","invocations":1,"location":null,"numPassingAsserts":2,"retryReasons":[],"status":"passed","title":"removes script tags"},{"ancestorTitles":["sanitizeHtml()"],"duration":4,"failureDetails":[],"failureMessages":[],"fullName":"sanitizeHtml() removes iframe tags","invocations":1,"location":null,"numPassingAsserts":2,"retryReasons":[],"status":"passed","title":"removes iframe tags"},{"ancestorTitles":["sanitizeHtml()"],"duration":3,"failureDetails":[],"failureMessages":[],"fullName":"sanitizeHtml() preserves safe HTML","invocations":1,"location":null,"numPassingAsserts":1,"retryReasons":[],"status":"passed","title":"preserves safe HTML"},{"ancestorTitles":["setAndStart()"],"duration":13,"failureDetails":[],"failureMessages":[],"fullName":"setAndStart() sets email address display","invocations":1,"location":null,"numPassingAsserts":1,"retryReasons":[],"status":"passed","title":"sets email address display"},{"ancestorTitles":["setAndStart()"],"duration":24,"failureDetails":[],"failureMessages":[],"fullName":"setAndStart() splits email into login and domain","invocations":1,"location":null,"numPassingAsserts":1,"retryReasons":[],"status":"passed","title":"splits email into login and domain"},{"ancestorTitles":["setAndStart()"],"duration":6,"failureDetails":[],"failureMessages":[],"fullName":"setAndStart() clears all seen message IDs","invocations":1,"location":null,"numPassingAsserts":1,"retryReasons":[],"status":"passed","title":"clears all seen message IDs"},{"ancestorTitles":["setAndStart()"],"duration":3,"failureDetails":[],"failureMessages":[],"fullName":"setAndStart() ignores invalid email without @","invocations":1,"location":null,"numPassingAsserts":1,"retryReasons":[],"status":"passed","title":"ignores invalid email without @"},{"ancestorTitles":["renderMessages()"],"duration":15,"failureDetails":[],"failureMessages":[],"fullName":"renderMessages() shows empty state when no messages","invocations":1,"location":null,"numPassingAsserts":1,"retryReasons":[],"status":"passed","title":"shows empty state when no messages"},{"ancestorTitles":["renderMessages()"],"duration":6,"failureDetails":[],"failureMessages":[],"fullName":"renderMessages() renders message cards for messages","invocations":1,"location":null,"numPassingAsserts":2,"retryReasons":[],"status":"passed","title":"renders message cards for messages"},{"ancestorTitles":["renderMessages()"],"duration":9,"failureDetails":[],"failureMessages":[],"fullName":"renderMessages() escapes HTML in from/subject","invocations":1,"location":null,"numPassingAsserts":1,"retryReasons":[],"status":"passed","title":"escapes HTML in from/subject"},{"ancestorTitles":["renderMessages()"],"duration":8,"failureDetails":[],"failureMessages":[],"fullName":"renderMessages() uses allMessages if no argument","invocations":1,"location":null,"numPassingAsserts":1,"retryReasons":[],"status":"passed","title":"uses allMessages if no argument"},{"ancestorTitles":["closeMessage()"],"duration":4,"failureDetails":[],"failureMessages":[],"fullName":"closeMessage() hides message view","invocations":1,"location":null,"numPassingAsserts":1,"retryReasons":[],"status":"passed","title":"hides message view"},{"ancestorTitles":["copyEmail()"],"duration":29,"failureDetails":[],"failureMessages":[],"fullName":"copyEmail() copies current email to clipboard","invocations":1,"location":null,"numPassingAsserts":1,"retryReasons":[],"status":"passed","title":"copies current email to clipboard"},{"ancestorTitles":["generateNewEmail()"],"duration":6,"failureDetails":[],"failureMessages":[],"fullName":"generateNewEmail() uses proxy endpoint first","invocations":1,"location":null,"numPassingAsserts":2,"retryReasons":[],"status":"passed","title":"uses proxy endpoint first"},{"ancestorTitles":["generateNewEmail()"],"duration":39,"failureDetails":[],"failureMessages":[],"fullName":"generateNewEmail() falls back to direct API when proxy fails","invocations":1,"location":null,"numPassingAsserts":2,"retryReasons":[],"status":"passed","title":"falls back to direct API when proxy fails"},{"ancestorTitles":["generateNewEmail()"],"duration":24,"failureDetails":[],"failureMessages":[],"fullName":"generateNewEmail() generates client-side email when all APIs fail","invocations":1,"location":null,"numPassingAsserts":2,"retryReasons":[],"status":"passed","title":"generates client-side email when all APIs fail"},{"ancestorTitles":["fetchMessages()"],"duration":8,"failureDetails":[],"failureMessages":[],"fullName":"fetchMessages() fetches messages and populates allMessages","invocations":1,"location":null,"numPassingAsserts":2,"retryReasons":[],"status":"passed","title":"fetches messages and populates allMessages"},{"ancestorTitles":["fetchMessages()"],"duration":13,"failureDetails":[],"failureMessages":[],"fullName":"fetchMessages() does not add duplicate messages","invocations":1,"location":null,"numPassingAsserts":1,"retryReasons":[],"status":"passed","title":"does not add duplicate messages"},{"ancestorTitles":["fetchMessages()"],"duration":18,"failureDetails":[],"failureMessages":[],"fullName":"fetchMessages() handles errors and increments retry count","invocations":1,"location":null,"numPassingAsserts":1,"retryReasons":[],"status":"passed","title":"handles errors and increments retry count"},{"ancestorTitles":["readMessage()"],"duration":12,"failureDetails":[],"failureMessages":[],"fullName":"readMessage() displays message content in DOM","invocations":1,"location":null,"numPassingAsserts":4,"retryReasons":[],"status":"passed","title":"displays message content in DOM"},{"ancestorTitles":["readMessage()"],"duration":8,"failureDetails":[],"failureMessages":[],"fullName":"readMessage() uses textBody if htmlBody is missing","invocations":1,"location":null,"numPassingAsserts":1,"retryReasons":[],"status":"passed","title":"uses textBody if htmlBody is missing"},{"ancestorTitles":["init()"],"duration":11,"failureDetails":[],"failureMessages":[],"fullName":"init() uses saved email if present","invocations":1,"location":null,"numPassingAsserts":1,"retryReasons":[],"status":"passed","title":"uses saved email if present"},{"ancestorTitles":["init()"],"duration":10,"failureDetails":[],"failureMessages":[],"fullName":"init() generates new email if no saved email","invocations":1,"location":null,"numPassingAsserts":1,"retryReasons":[],"status":"passed","title":"generates new email if no saved email"}],"endTime":1774860574245,"message":"","name":"J:\\simplewebsites\\simplewebsites\\sites\\temp-mail\\__tests__\\app.test.js","startTime":1774860573814,"status":"passed","summary":""},{"assertionResults":[{"ancestorTitles":["Timezone Scheduler"],"duration":4,"failureDetails":[],"failureMessages":[],"fullName":"Timezone Scheduler isValidZone checks Intl support","invocations":1,"location":null,"numPassingAsserts":1,"retryReasons":[],"status":"passed","title":"isValidZone checks Intl support"},{"ancestorTitles":["Timezone Scheduler"],"duration":108,"failureDetails":[],"failureMessages":[],"fullName":"Timezone Scheduler populateSelect adds options","invocations":1,"location":null,"numPassingAsserts":1,"retryReasons":[],"status":"passed","title":"populateSelect adds options"},{"ancestorTitles":["Timezone Scheduler"],"duration":73,"failureDetails":[],"failureMessages":[],"fullName":"Timezone Scheduler addTimezone and removeTimezone update state","invocations":1,"location":null,"numPassingAsserts":2,"retryReasons":[],"status":"passed","title":"addTimezone and removeTimezone update state"},{"ancestorTitles":["Timezone Scheduler"],"duration":51,"failureDetails":[],"failureMessages":[],"fullName":"Timezone Scheduler renderZones updates both list and grid","invocations":1,"location":null,"numPassingAsserts":3,"retryReasons":[],"status":"passed","title":"renderZones updates both list and grid"},{"ancestorTitles":["Timezone Scheduler"],"duration":16,"failureDetails":[],"failureMessages":[],"fullName":"Timezone Scheduler updateDateDisplay updates text","invocations":1,"location":null,"numPassingAsserts":1,"retryReasons":[],"status":"passed","title":"updateDateDisplay updates text"},{"ancestorTitles":["Timezone Scheduler"],"duration":92,"failureDetails":[],"failureMessages":[],"fullName":"Timezone Scheduler init initializes defaults","invocations":1,"location":null,"numPassingAsserts":1,"retryReasons":[],"status":"passed","title":"init initializes defaults"},{"ancestorTitles":["Timezone Scheduler"],"duration":8,"failureDetails":[],"failureMessages":[],"fullName":"Timezone Scheduler Graceful failure on missing DOM","invocations":1,"location":null,"numPassingAsserts":1,"retryReasons":[],"status":"passed","title":"Graceful failure on missing DOM"}],"endTime":1774860574309,"message":"","name":"J:\\simplewebsites\\simplewebsites\\sites\\timezone-scheduler\\__tests__\\app.test.js","startTime":1774860573797,"status":"passed","summary":""},{"assertionResults":[{"ancestorTitles":["GROQ_MODELS constant"],"duration":11,"failureDetails":[],"failureMessages":[],"fullName":"GROQ_MODELS constant is non-empty array","invocations":1,"location":null,"numPassingAsserts":2,"retryReasons":[],"status":"passed","title":"is non-empty array"},{"ancestorTitles":["GROQ_MODELS constant"],"duration":5,"failureDetails":[],"failureMessages":[],"fullName":"GROQ_MODELS constant does NOT contain deprecated llama3-8b-8192","invocations":1,"location":null,"numPassingAsserts":1,"retryReasons":[],"status":"passed","title":"does NOT contain deprecated llama3-8b-8192"},{"ancestorTitles":["GROQ_MODELS constant"],"duration":5,"failureDetails":[],"failureMessages":[],"fullName":"GROQ_MODELS constant contains llama3-70b-8192 as primary model","invocations":1,"location":null,"numPassingAsserts":1,"retryReasons":[],"status":"passed","title":"contains llama3-70b-8192 as primary model"},{"ancestorTitles":["GROQ_MODELS constant"],"duration":6,"failureDetails":[],"failureMessages":[],"fullName":"GROQ_MODELS constant contains at least one fallback model","invocations":1,"location":null,"numPassingAsserts":1,"retryReasons":[],"status":"passed","title":"contains at least one fallback model"},{"ancestorTitles":["detectLanguage()"],"duration":8,"failureDetails":[],"failureMessages":[],"fullName":"detectLanguage() detects JavaScript","invocations":1,"location":null,"numPassingAsserts":1,"retryReasons":[],"status":"passed","title":"detects JavaScript"},{"ancestorTitles":["detectLanguage()"],"duration":4,"failureDetails":[],"failureMessages":[],"fullName":"detectLanguage() detects JavaScript with arrow function","invocations":1,"location":null,"numPassingAsserts":1,"retryReasons":[],"status":"passed","title":"detects JavaScript with arrow function"},{"ancestorTitles":["detectLanguage()"],"duration":5,"failureDetails":[],"failureMessages":[],"fullName":"detectLanguage() detects TypeScript by type annotation","invocations":1,"location":null,"numPassingAsserts":1,"retryReasons":[],"status":"passed","title":"detects TypeScript by type annotation"},{"ancestorTitles":["detectLanguage()"],"duration":3,"failureDetails":[],"failureMessages":[],"fullName":"detectLanguage() detects Python by def keyword","invocations":1,"location":null,"numPassingAsserts":1,"retryReasons":[],"status":"passed","title":"detects Python by def keyword"},{"ancestorTitles":["detectLanguage()"],"duration":3,"failureDetails":[],"failureMessages":[],"fullName":"detectLanguage() detects Python by import","invocations":1,"location":null,"numPassingAsserts":1,"retryReasons":[],"status":"passed","title":"detects Python by import"},{"ancestorTitles":["detectLanguage()"],"duration":4,"failureDetails":[],"failureMessages":[],"fullName":"detectLanguage() detects Java by System.out.println","invocations":1,"location":null,"numPassingAsserts":1,"retryReasons":[],"status":"passed","title":"detects Java by System.out.println"},{"ancestorTitles":["detectLanguage()"],"duration":5,"failureDetails":[],"failureMessages":[],"fullName":"detectLanguage() detects Go by func keyword","invocations":1,"location":null,"numPassingAsserts":1,"retryReasons":[],"status":"passed","title":"detects Go by func keyword"},{"ancestorTitles":["detectLanguage()"],"duration":4,"failureDetails":[],"failureMessages":[],"fullName":"detectLanguage() detects Rust by fn keyword","invocations":1,"location":null,"numPassingAsserts":1,"retryReasons":[],"status":"passed","title":"detects Rust by fn keyword"},{"ancestorTitles":["detectLanguage()"],"duration":10,"failureDetails":[],"failureMessages":[],"fullName":"detectLanguage() detects SQL by SELECT keyword","invocations":1,"location":null,"numPassingAsserts":1,"retryReasons":[],"status":"passed","title":"detects SQL by SELECT keyword"},{"ancestorTitles":["detectLanguage()"],"duration":4,"failureDetails":[],"failureMessages":[],"fullName":"detectLanguage() detects HTML","invocations":1,"location":null,"numPassingAsserts":1,"retryReasons":[],"status":"passed","title":"detects HTML"},{"ancestorTitles":["detectLanguage()"],"duration":7,"failureDetails":[],"failureMessages":[],"fullName":"detectLanguage() detects Shell by echo keyword","invocations":1,"location":null,"numPassingAsserts":1,"retryReasons":[],"status":"passed","title":"detects Shell by echo keyword"},{"ancestorTitles":["detectLanguage()"],"duration":6,"failureDetails":[],"failureMessages":[],"fullName":"detectLanguage() returns Unknown for unrecognized code","invocations":1,"location":null,"numPassingAsserts":1,"retryReasons":[],"status":"passed","title":"returns Unknown for unrecognized code"},{"ancestorTitles":["buildSystemPrompt()"],"duration":8,"failureDetails":[],"failureMessages":[],"fullName":"buildSystemPrompt() returns explain prompt with language for explain action","invocations":1,"location":null,"numPassingAsserts":3,"retryReasons":[],"status":"passed","title":"returns explain prompt with language for explain action"},{"ancestorTitles":["buildSystemPrompt()"],"duration":4,"failureDetails":[],"failureMessages":[],"fullName":"buildSystemPrompt() returns convert prompt for non-explain action","invocations":1,"location":null,"numPassingAsserts":2,"retryReasons":[],"status":"passed","title":"returns convert prompt for non-explain action"},{"ancestorTitles":["buildSystemPrompt()"],"duration":6,"failureDetails":[],"failureMessages":[],"fullName":"buildSystemPrompt() works without detectedLang","invocations":1,"location":null,"numPassingAsserts":2,"retryReasons":[],"status":"passed","title":"works without detectedLang"},{"ancestorTitles":["buildSystemPrompt()"],"duration":5,"failureDetails":[],"failureMessages":[],"fullName":"buildSystemPrompt() explain prompt mentions complexity","invocations":1,"location":null,"numPassingAsserts":1,"retryReasons":[],"status":"passed","title":"explain prompt mentions complexity"},{"ancestorTitles":["escapeHTML()"],"duration":4,"failureDetails":[],"failureMessages":[],"fullName":"escapeHTML() escapes all HTML special chars","invocations":1,"location":null,"numPassingAsserts":2,"retryReasons":[],"status":"passed","title":"escapes all HTML special chars"},{"ancestorTitles":["escapeHTML()"],"duration":4,"failureDetails":[],"failureMessages":[],"fullName":"escapeHTML() returns empty string for non-string input","invocations":1,"location":null,"numPassingAsserts":2,"retryReasons":[],"status":"passed","title":"returns empty string for non-string input"},{"ancestorTitles":["escapeHTML()"],"duration":4,"failureDetails":[],"failureMessages":[],"fullName":"escapeHTML() escapes single quotes","invocations":1,"location":null,"numPassingAsserts":1,"retryReasons":[],"status":"passed","title":"escapes single quotes"},{"ancestorTitles":["sanitize()"],"duration":4,"failureDetails":[],"failureMessages":[],"fullName":"sanitize() removes script tags","invocations":1,"location":null,"numPassingAsserts":2,"retryReasons":[],"status":"passed","title":"removes script tags"},{"ancestorTitles":["sanitize()"],"duration":11,"failureDetails":[],"failureMessages":[],"fullName":"sanitize() preserves non-script HTML","invocations":1,"location":null,"numPassingAsserts":1,"retryReasons":[],"status":"passed","title":"preserves non-script HTML"},{"ancestorTitles":["markdownToHtml()"],"duration":11,"failureDetails":[],"failureMessages":[],"fullName":"markdownToHtml() converts code blocks","invocations":1,"location":null,"numPassingAsserts":2,"retryReasons":[],"status":"passed","title":"converts code blocks"},{"ancestorTitles":["markdownToHtml()"],"duration":8,"failureDetails":[],"failureMessages":[],"fullName":"markdownToHtml() converts inline code","invocations":1,"location":null,"numPassingAsserts":1,"retryReasons":[],"status":"passed","title":"converts inline code"},{"ancestorTitles":["markdownToHtml()"],"duration":5,"failureDetails":[],"failureMessages":[],"fullName":"markdownToHtml() converts bold","invocations":1,"location":null,"numPassingAsserts":1,"retryReasons":[],"status":"passed","title":"converts bold"},{"ancestorTitles":["markdownToHtml()"],"duration":6,"failureDetails":[],"failureMessages":[],"fullName":"markdownToHtml() converts h2 headers","invocations":1,"location":null,"numPassingAsserts":1,"retryReasons":[],"status":"passed","title":"converts h2 headers"},{"ancestorTitles":["markdownToHtml()"],"duration":4,"failureDetails":[],"failureMessages":[],"fullName":"markdownToHtml() converts h3 headers","invocations":1,"location":null,"numPassingAsserts":1,"retryReasons":[],"status":"passed","title":"converts h3 headers"},{"ancestorTitles":["markdownToHtml()"],"duration":3,"failureDetails":[],"failureMessages":[],"fullName":"markdownToHtml() sanitizes script tags in output","invocations":1,"location":null,"numPassingAsserts":1,"retryReasons":[],"status":"passed","title":"sanitizes script tags in output"},{"ancestorTitles":["executeWithFallback()"],"duration":6,"failureDetails":[],"failureMessages":[],"fullName":"executeWithFallback() uses first model on success","invocations":1,"location":null,"numPassingAsserts":2,"retryReasons":[],"status":"passed","title":"uses first model on success"},{"ancestorTitles":["executeWithFallback()"],"duration":25,"failureDetails":[],"failureMessages":[],"fullName":"executeWithFallback() falls back to second model on 400 error","invocations":1,"location":null,"numPassingAsserts":2,"retryReasons":[],"status":"passed","title":"falls back to second model on 400 error"},{"ancestorTitles":["executeWithFallback()"],"duration":25,"failureDetails":[],"failureMessages":[],"fullName":"executeWithFallback() throws immediately on 401 auth error without trying fallback","invocations":1,"location":null,"numPassingAsserts":2,"retryReasons":[],"status":"passed","title":"throws immediately on 401 auth error without trying fallback"},{"ancestorTitles":["executeWithFallback()"],"duration":10,"failureDetails":[],"failureMessages":[],"fullName":"executeWithFallback() tries all models before throwing","invocations":1,"location":null,"numPassingAsserts":2,"retryReasons":[],"status":"passed","title":"tries all models before throwing"},{"ancestorTitles":["API Key management"],"duration":5,"failureDetails":[],"failureMessages":[],"fullName":"API Key management checkApiKey hides banner when key exists","invocations":1,"location":null,"numPassingAsserts":1,"retryReasons":[],"status":"passed","title":"checkApiKey hides banner when key exists"},{"ancestorTitles":["API Key management"],"duration":4,"failureDetails":[],"failureMessages":[],"fullName":"API Key management checkApiKey shows banner when no key","invocations":1,"location":null,"numPassingAsserts":1,"retryReasons":[],"status":"passed","title":"checkApiKey shows banner when no key"},{"ancestorTitles":["API Key management"],"duration":5,"failureDetails":[],"failureMessages":[],"fullName":"API Key management saveApiKey stores key and hides banner","invocations":1,"location":null,"numPassingAsserts":1,"retryReasons":[],"status":"passed","title":"saveApiKey stores key and hides banner"},{"ancestorTitles":["API Key management"],"duration":17,"failureDetails":[],"failureMessages":[],"fullName":"API Key management clearApiKey removes key","invocations":1,"location":null,"numPassingAsserts":1,"retryReasons":[],"status":"passed","title":"clearApiKey removes key"},{"ancestorTitles":["executeAI() and copyResult()"],"duration":11,"failureDetails":[],"failureMessages":[],"fullName":"executeAI() and copyResult() executeAI success path updates UI and highlights code","invocations":1,"location":null,"numPassingAsserts":5,"retryReasons":[],"status":"passed","title":"executeAI success path updates UI and highlights code"},{"ancestorTitles":["executeAI() and copyResult()"],"duration":20,"failureDetails":[],"failureMessages":[],"fullName":"executeAI() and copyResult() executeAI fallback path displays 400 error message","invocations":1,"location":null,"numPassingAsserts":2,"retryReasons":[],"status":"passed","title":"executeAI fallback path displays 400 error message"},{"ancestorTitles":["executeAI() and copyResult()"],"duration":6,"failureDetails":[],"failureMessages":[],"fullName":"executeAI() and copyResult() executeAI auth error displays 401 error message and clears key","invocations":1,"location":null,"numPassingAsserts":2,"retryReasons":[],"status":"passed","title":"executeAI auth error displays 401 error message and clears key"},{"ancestorTitles":["executeAI() and copyResult()"],"duration":6,"failureDetails":[],"failureMessages":[],"fullName":"executeAI() and copyResult() executeAI aborts if no API key","invocations":1,"location":null,"numPassingAsserts":2,"retryReasons":[],"status":"passed","title":"executeAI aborts if no API key"},{"ancestorTitles":["executeAI() and copyResult()"],"duration":5,"failureDetails":[],"failureMessages":[],"fullName":"executeAI() and copyResult() executeAI aborts if no code input","invocations":1,"location":null,"numPassingAsserts":1,"retryReasons":[],"status":"passed","title":"executeAI aborts if no code input"},{"ancestorTitles":["executeAI() and copyResult()"],"duration":7,"failureDetails":[],"failureMessages":[],"fullName":"executeAI() and copyResult() copyResult writes to clipboard and updates button","invocations":1,"location":null,"numPassingAsserts":3,"retryReasons":[],"status":"passed","title":"copyResult writes to clipboard and updates button"}],"endTime":1774860574346,"message":"","name":"J:\\simplewebsites\\simplewebsites\\sites\\code-explainer\\__tests__\\app.test.js","startTime":1774860573871,"status":"passed","summary":""},{"assertionResults":[{"ancestorTitles":["meme-generator"],"duration":18,"failureDetails":[],"failureMessages":[],"fullName":"meme-generator init binds events and does not throw","invocations":1,"location":null,"numPassingAsserts":1,"retryReasons":[],"status":"passed","title":"init binds events and does not throw"},{"ancestorTitles":["meme-generator"],"duration":133,"failureDetails":[],"failureMessages":[],"fullName":"meme-generator handleUpload loads image and calls drawMeme","invocations":1,"location":null,"numPassingAsserts":1,"retryReasons":[],"status":"passed","title":"handleUpload loads image and calls drawMeme"},{"ancestorTitles":["meme-generator"],"duration":129,"failureDetails":[],"failureMessages":[],"fullName":"meme-generator drawMeme modifies canvas ctx correctly after upload","invocations":1,"location":null,"numPassingAsserts":1,"retryReasons":[],"status":"passed","title":"drawMeme modifies canvas ctx correctly after upload"},{"ancestorTitles":["meme-generator"],"duration":116,"failureDetails":[],"failureMessages":[],"fullName":"meme-generator downloadMeme forces download via link click","invocations":1,"location":null,"numPassingAsserts":1,"retryReasons":[],"status":"passed","title":"downloadMeme forces download via link click"},{"ancestorTitles":["meme-generator"],"duration":26,"failureDetails":[],"failureMessages":[],"fullName":"meme-generator getLines splits text correctly","invocations":1,"location":null,"numPassingAsserts":1,"retryReasons":[],"status":"passed","title":"getLines splits text correctly"}],"endTime":1774860574430,"message":"","name":"J:\\simplewebsites\\simplewebsites\\sites\\meme-generator\\__tests__\\app.test.js","startTime":1774860573840,"status":"passed","summary":""},{"assertionResults":[{"ancestorTitles":["Typing Speed Race"],"duration":81,"failureDetails":[],"failureMessages":[],"fullName":"Typing Speed Race calculateWPM handles positive seconds","invocations":1,"location":null,"numPassingAsserts":2,"retryReasons":[],"status":"passed","title":"calculateWPM handles positive seconds"},{"ancestorTitles":["Typing Speed Race"],"duration":29,"failureDetails":[],"failureMessages":[],"fullName":"Typing Speed Race calculateAccuracy handles total chars","invocations":1,"location":null,"numPassingAsserts":2,"retryReasons":[],"status":"passed","title":"calculateAccuracy handles total chars"},{"ancestorTitles":["Typing Speed Race"],"duration":86,"failureDetails":[],"failureMessages":[],"fullName":"Typing Speed Race setDifficulty updates state and configuration","invocations":1,"location":null,"numPassingAsserts":2,"retryReasons":[],"status":"passed","title":"setDifficulty updates state and configuration"},{"ancestorTitles":["Typing Speed Race"],"duration":84,"failureDetails":[],"failureMessages":[],"fullName":"Typing Speed Race handleTyping updates stats and progress","invocations":1,"location":null,"numPassingAsserts":4,"retryReasons":[],"status":"passed","title":"handleTyping updates stats and progress"},{"ancestorTitles":["Typing Speed Race"],"duration":89,"failureDetails":[],"failureMessages":[],"fullName":"Typing Speed Race finishRace disables input and saves score","invocations":1,"location":null,"numPassingAsserts":2,"retryReasons":[],"status":"passed","title":"finishRace disables input and saves score"},{"ancestorTitles":["Typing Speed Race"],"duration":37,"failureDetails":[],"failureMessages":[],"fullName":"Typing Speed Race getPerformanceRating tiers","invocations":1,"location":null,"numPassingAsserts":2,"retryReasons":[],"status":"passed","title":"getPerformanceRating tiers"}],"endTime":1774860574429,"message":"","name":"J:\\simplewebsites\\simplewebsites\\sites\\typing-speed-race\\__tests__\\app.test.js","startTime":1774860573891,"status":"passed","summary":""},{"assertionResults":[{"ancestorTitles":["SleepCalculator","constants"],"duration":8,"failureDetails":[],"failureMessages":[],"fullName":"SleepCalculator constants cycle duration is 90 minutes","invocations":1,"location":null,"numPassingAsserts":1,"retryReasons":[],"status":"passed","title":"cycle duration is 90 minutes"},{"ancestorTitles":["SleepCalculator","constants"],"duration":9,"failureDetails":[],"failureMessages":[],"fullName":"SleepCalculator constants fall asleep time is 14 minutes","invocations":1,"location":null,"numPassingAsserts":1,"retryReasons":[],"status":"passed","title":"fall asleep time is 14 minutes"},{"ancestorTitles":["SleepCalculator","formatTime"],"duration":7,"failureDetails":[],"failureMessages":[],"fullName":"SleepCalculator formatTime formats AM time","invocations":1,"location":null,"numPassingAsserts":1,"retryReasons":[],"status":"passed","title":"formats AM time"},{"ancestorTitles":["SleepCalculator","formatTime"],"duration":2,"failureDetails":[],"failureMessages":[],"fullName":"SleepCalculator formatTime formats PM time","invocations":1,"location":null,"numPassingAsserts":1,"retryReasons":[],"status":"passed","title":"formats PM time"},{"ancestorTitles":["SleepCalculator","formatTime"],"duration":2,"failureDetails":[],"failureMessages":[],"fullName":"SleepCalculator formatTime formats midnight as 12:00 AM","invocations":1,"location":null,"numPassingAsserts":1,"retryReasons":[],"status":"passed","title":"formats midnight as 12:00 AM"},{"ancestorTitles":["SleepCalculator","formatTime"],"duration":2,"failureDetails":[],"failureMessages":[],"fullName":"SleepCalculator formatTime formats noon as 12:00 PM","invocations":1,"location":null,"numPassingAsserts":1,"retryReasons":[],"status":"passed","title":"formats noon as 12:00 PM"},{"ancestorTitles":["SleepCalculator","formatTime"],"duration":2,"failureDetails":[],"failureMessages":[],"fullName":"SleepCalculator formatTime handles negative hours (wrap around)","invocations":1,"location":null,"numPassingAsserts":1,"retryReasons":[],"status":"passed","title":"handles negative hours (wrap around)"},{"ancestorTitles":["SleepCalculator","formatTime"],"duration":2,"failureDetails":[],"failureMessages":[],"fullName":"SleepCalculator formatTime pads minutes","invocations":1,"location":null,"numPassingAsserts":1,"retryReasons":[],"status":"passed","title":"pads minutes"},{"ancestorTitles":["SleepCalculator","calculateBedtimes"],"duration":3,"failureDetails":[],"failureMessages":[],"fullName":"SleepCalculator calculateBedtimes returns results for valid wake time","invocations":1,"location":null,"numPassingAsserts":1,"retryReasons":[],"status":"passed","title":"returns results for valid wake time"},{"ancestorTitles":["SleepCalculator","calculateBedtimes"],"duration":5,"failureDetails":[],"failureMessages":[],"fullName":"SleepCalculator calculateBedtimes each result has required fields","invocations":1,"location":null,"numPassingAsserts":20,"retryReasons":[],"status":"passed","title":"each result has required fields"},{"ancestorTitles":["SleepCalculator","calculateBedtimes"],"duration":2,"failureDetails":[],"failureMessages":[],"fullName":"SleepCalculator calculateBedtimes 6 cycles is recommended","invocations":1,"location":null,"numPassingAsserts":1,"retryReasons":[],"status":"passed","title":"6 cycles is recommended"},{"ancestorTitles":["SleepCalculator","calculateBedtimes"],"duration":4,"failureDetails":[],"failureMessages":[],"fullName":"SleepCalculator calculateBedtimes returns empty for invalid time","invocations":1,"location":null,"numPassingAsserts":1,"retryReasons":[],"status":"passed","title":"returns empty for invalid time"},{"ancestorTitles":["SleepCalculator","calculateBedtimes"],"duration":2,"failureDetails":[],"failureMessages":[],"fullName":"SleepCalculator calculateBedtimes handles midnight wake time","invocations":1,"location":null,"numPassingAsserts":1,"retryReasons":[],"status":"passed","title":"handles midnight wake time"},{"ancestorTitles":["SleepCalculator","calculateWakeTimes"],"duration":3,"failureDetails":[],"failureMessages":[],"fullName":"SleepCalculator calculateWakeTimes returns results for valid sleep time","invocations":1,"location":null,"numPassingAsserts":1,"retryReasons":[],"status":"passed","title":"returns results for valid sleep time"},{"ancestorTitles":["SleepCalculator","calculateWakeTimes"],"duration":2,"failureDetails":[],"failureMessages":[],"fullName":"SleepCalculator calculateWakeTimes cycles are in ascending order","invocations":1,"location":null,"numPassingAsserts":3,"retryReasons":[],"status":"passed","title":"cycles are in ascending order"},{"ancestorTitles":["SleepCalculator","calculateWakeTimes"],"duration":2,"failureDetails":[],"failureMessages":[],"fullName":"SleepCalculator calculateWakeTimes returns empty for invalid time","invocations":1,"location":null,"numPassingAsserts":1,"retryReasons":[],"status":"passed","title":"returns empty for invalid time"},{"ancestorTitles":["SleepCalculator","calculateWakeTimes"],"duration":2,"failureDetails":[],"failureMessages":[],"fullName":"SleepCalculator calculateWakeTimes results wrap around midnight","invocations":1,"location":null,"numPassingAsserts":2,"retryReasons":[],"status":"passed","title":"results wrap around midnight"},{"ancestorTitles":["SleepCalculator","setMode"],"duration":4,"failureDetails":[],"failureMessages":[],"fullName":"SleepCalculator setMode sets wake mode","invocations":1,"location":null,"numPassingAsserts":2,"retryReasons":[],"status":"passed","title":"sets wake mode"},{"ancestorTitles":["SleepCalculator","setMode"],"duration":5,"failureDetails":[],"failureMessages":[],"fullName":"SleepCalculator setMode sets sleep mode","invocations":1,"location":null,"numPassingAsserts":2,"retryReasons":[],"status":"passed","title":"sets sleep mode"},{"ancestorTitles":["SleepCalculator","calculateSleep"],"duration":13,"failureDetails":[],"failureMessages":[],"fullName":"SleepCalculator calculateSleep renders results to grid in wake mode","invocations":1,"location":null,"numPassingAsserts":1,"retryReasons":[],"status":"passed","title":"renders results to grid in wake mode"},{"ancestorTitles":["SleepCalculator","calculateSleep"],"duration":12,"failureDetails":[],"failureMessages":[],"fullName":"SleepCalculator calculateSleep renders results to grid in sleep mode","invocations":1,"location":null,"numPassingAsserts":1,"retryReasons":[],"status":"passed","title":"renders results to grid in sleep mode"},{"ancestorTitles":["SleepCalculator","renderResults"],"duration":4,"failureDetails":[],"failureMessages":[],"fullName":"SleepCalculator renderResults renders cycle cards","invocations":1,"location":null,"numPassingAsserts":3,"retryReasons":[],"status":"passed","title":"renders cycle cards"},{"ancestorTitles":["SleepCalculator","renderResults"],"duration":3,"failureDetails":[],"failureMessages":[],"fullName":"SleepCalculator renderResults renders empty for empty array","invocations":1,"location":null,"numPassingAsserts":1,"retryReasons":[],"status":"passed","title":"renders empty for empty array"}],"endTime":1774860574471,"message":"","name":"J:\\simplewebsites\\simplewebsites\\sites\\sleep-calculator\\__tests__\\app.test.js","startTime":1774860574266,"status":"passed","summary":""},{"assertionResults":[{"ancestorTitles":["Dev Toolkit"],"duration":89,"failureDetails":[],"failureMessages":[],"fullName":"Dev Toolkit switchTool toggles visibility and active tab","invocations":1,"location":null,"numPassingAsserts":3,"retryReasons":[],"status":"passed","title":"switchTool toggles visibility and active tab"},{"ancestorTitles":["Dev Toolkit","Cron Parser"],"duration":7,"failureDetails":[],"failureMessages":[],"fullName":"Dev Toolkit Cron Parser parseCronField describes standard patterns","invocations":1,"location":null,"numPassingAsserts":4,"retryReasons":[],"status":"passed","title":"parseCronField describes standard patterns"},{"ancestorTitles":["Dev Toolkit","Cron Parser"],"duration":96,"failureDetails":[],"failureMessages":[],"fullName":"Dev Toolkit Cron Parser parseCron handles valid/invalid input","invocations":1,"location":null,"numPassingAsserts":3,"retryReasons":[],"status":"passed","title":"parseCron handles valid/invalid input"},{"ancestorTitles":["Dev Toolkit","Cron Parser"],"duration":10,"failureDetails":[],"failureMessages":[],"fullName":"Dev Toolkit Cron Parser matchesField logic","invocations":1,"location":null,"numPassingAsserts":6,"retryReasons":[],"status":"passed","title":"matchesField logic"},{"ancestorTitles":["Dev Toolkit","Chmod Calculator"],"duration":41,"failureDetails":[],"failureMessages":[],"fullName":"Dev Toolkit Chmod Calculator initChmod renders grid","invocations":1,"location":null,"numPassingAsserts":1,"retryReasons":[],"status":"passed","title":"initChmod renders grid"},{"ancestorTitles":["Dev Toolkit","Chmod Calculator"],"duration":28,"failureDetails":[],"failureMessages":[],"fullName":"Dev Toolkit Chmod Calculator toggleChmod updates bits and values","invocations":1,"location":null,"numPassingAsserts":2,"retryReasons":[],"status":"passed","title":"toggleChmod updates bits and values"},{"ancestorTitles":["Dev Toolkit","HTTP Status"],"duration":26,"failureDetails":[],"failureMessages":[],"fullName":"Dev Toolkit HTTP Status renderHTTP displays codes","invocations":1,"location":null,"numPassingAsserts":1,"retryReasons":[],"status":"passed","title":"renderHTTP displays codes"},{"ancestorTitles":["Dev Toolkit","HTTP Status"],"duration":8,"failureDetails":[],"failureMessages":[],"fullName":"Dev Toolkit HTTP Status filterHTTP narrows results","invocations":1,"location":null,"numPassingAsserts":1,"retryReasons":[],"status":"passed","title":"filterHTTP narrows results"},{"ancestorTitles":["Dev Toolkit","Base64"],"duration":23,"failureDetails":[],"failureMessages":[],"fullName":"Dev Toolkit Base64 setB64Mode updates UI","invocations":1,"location":null,"numPassingAsserts":2,"retryReasons":[],"status":"passed","title":"setB64Mode updates UI"},{"ancestorTitles":["Dev Toolkit","Base64"],"duration":13,"failureDetails":[],"failureMessages":[],"fullName":"Dev Toolkit Base64 processB64 handles encoding/decoding","invocations":1,"location":null,"numPassingAsserts":2,"retryReasons":[],"status":"passed","title":"processB64 handles encoding/decoding"},{"ancestorTitles":["Dev Toolkit","Base64"],"duration":12,"failureDetails":[],"failureMessages":[],"fullName":"Dev Toolkit Base64 processB64 handles errors","invocations":1,"location":null,"numPassingAsserts":1,"retryReasons":[],"status":"passed","title":"processB64 handles errors"},{"ancestorTitles":["Dev Toolkit","Subnet Calculator"],"duration":11,"failureDetails":[],"failureMessages":[],"fullName":"Dev Toolkit Subnet Calculator computeSubnet logic","invocations":1,"location":null,"numPassingAsserts":3,"retryReasons":[],"status":"passed","title":"computeSubnet logic"},{"ancestorTitles":["Dev Toolkit","Subnet Calculator"],"duration":7,"failureDetails":[],"failureMessages":[],"fullName":"Dev Toolkit Subnet Calculator computeSubnet handles error inputs","invocations":1,"location":null,"numPassingAsserts":2,"retryReasons":[],"status":"passed","title":"computeSubnet handles error inputs"},{"ancestorTitles":["Dev Toolkit","Subnet Calculator"],"duration":13,"failureDetails":[],"failureMessages":[],"fullName":"Dev Toolkit Subnet Calculator calcSubnet updates DOM","invocations":1,"location":null,"numPassingAsserts":1,"retryReasons":[],"status":"passed","title":"calcSubnet updates DOM"}],"endTime":1774860574556,"message":"","name":"J:\\simplewebsites\\simplewebsites\\sites\\dev-toolkit\\__tests__\\app.test.js","startTime":1774860574026,"status":"passed","summary":""},{"assertionResults":[{"ancestorTitles":["SEO Module","generateMetaTags"],"duration":37,"failureDetails":[],"failureMessages":[],"fullName":"SEO Module generateMetaTags throws error if title is missing","invocations":1,"location":null,"numPassingAsserts":1,"retryReasons":[],"status":"passed","title":"throws error if title is missing"},{"ancestorTitles":["SEO Module","generateMetaTags"],"duration":2,"failureDetails":[],"failureMessages":[],"fullName":"SEO Module generateMetaTags generates basic tags","invocations":1,"location":null,"numPassingAsserts":4,"retryReasons":[],"status":"passed","title":"generates basic tags"},{"ancestorTitles":["SEO Module","generateMetaTags"],"duration":1,"failureDetails":[],"failureMessages":[],"fullName":"SEO Module generateMetaTags escapes HTML","invocations":1,"location":null,"numPassingAsserts":1,"retryReasons":[],"status":"passed","title":"escapes HTML"},{"ancestorTitles":["SEO Module","generateJsonLd"],"duration":1,"failureDetails":[],"failureMessages":[],"fullName":"SEO Module generateJsonLd generates standard script tag","invocations":1,"location":null,"numPassingAsserts":3,"retryReasons":[],"status":"passed","title":"generates standard script tag"},{"ancestorTitles":["SEO Module","generateJsonLd"],"duration":1,"failureDetails":[],"failureMessages":[],"fullName":"SEO Module generateJsonLd throws if title missing","invocations":1,"location":null,"numPassingAsserts":1,"retryReasons":[],"status":"passed","title":"throws if title missing"},{"ancestorTitles":["SEO Module","Awesome Free Tools Logic Booster"],"duration":532,"failureDetails":[],"failureMessages":[],"fullName":"SEO Module Awesome Free Tools Logic Booster should exercise the 50-category dataset and landing page logic","invocations":1,"location":null,"numPassingAsserts":3,"retryReasons":[],"status":"passed","title":"should exercise the 50-category dataset and landing page logic"},{"ancestorTitles":["SEO Module","generateFAQSchema"],"duration":1,"failureDetails":[],"failureMessages":[],"fullName":"SEO Module generateFAQSchema generates FAQ JSON-L
[...]
Asserts":3,"retryReasons":[],"status":"passed","title":"formatTime tiers"},{"ancestorTitles":["Password Toolkit"],"duration":3,"failureDetails":[],"failureMessages":[],"fullName":"Password Toolkit switchMode toggles classes","invocations":1,"location":null,"numPassingAsserts":2,"retryReasons":[],"status":"passed","title":"switchMode toggles classes"}],"endTime":1774860575557,"message":"","name":"J:\\simplewebsites\\simplewebsites\\sites\\password-toolkit\\__tests__\\app.test.js","startTime":1774860575440,"status":"passed","summary":""},{"assertionResults":[{"ancestorTitles":["git-command-builder"],"duration":7,"failureDetails":[],"failureMessages":[],"fullName":"git-command-builder init renders options","invocations":1,"location":null,"numPassingAsserts":2,"retryReasons":[],"status":"passed","title":"init renders options"},{"ancestorTitles":["git-command-builder"],"duration":5,"failureDetails":[],"failureMessages":[],"fullName":"git-command-builder renderOptions handles empty fields","invocations":1,"location":null,"numPassingAsserts":1,"retryReasons":[],"status":"passed","title":"renderOptions handles empty fields"},{"ancestorTitles":["git-command-builder"],"duration":4,"failureDetails":[],"failureMessages":[],"fullName":"git-command-builder updateCommand generates correct strings","invocations":1,"location":null,"numPassingAsserts":3,"retryReasons":[],"status":"passed","title":"updateCommand generates correct strings"},{"ancestorTitles":["git-command-builder"],"duration":4,"failureDetails":[],"failureMessages":[],"fullName":"git-command-builder task generator functions return appropriate defaults","invocations":1,"location":null,"numPassingAsserts":12,"retryReasons":[],"status":"passed","title":"task generator functions return appropriate defaults"},{"ancestorTitles":["git-command-builder"],"duration":3,"failureDetails":[],"failureMessages":[],"fullName":"git-command-builder copyCommand copies to clipboard","invocations":1,"location":null,"numPassingAsserts":2,"retryReasons":[],"status":"passed","title":"copyCommand copies to clipboard"}],"endTime":1774860575580,"message":"","name":"J:\\simplewebsites\\simplewebsites\\sites\\git-command-builder\\__tests__\\app.test.js","startTime":1774860575445,"status":"passed","summary":""},{"assertionResults":[{"ancestorTitles":["soundboard-synth"],"duration":32,"failureDetails":[],"failureMessages":[],"fullName":"soundboard-synth renderPads places pads in DOM","invocations":1,"location":null,"numPassingAsserts":1,"retryReasons":[],"status":"passed","title":"renderPads places pads in DOM"},{"ancestorTitles":["soundboard-synth"],"duration":24,"failureDetails":[],"failureMessages":[],"fullName":"soundboard-synth triggerPad plays tone and animates","invocations":1,"location":null,"numPassingAsserts":2,"retryReasons":[],"status":"passed","title":"triggerPad plays tone and animates"},{"ancestorTitles":["soundboard-synth"],"duration":7,"failureDetails":[],"failureMessages":[],"fullName":"soundboard-synth setOscType and setVolume update state","invocations":1,"location":null,"numPassingAsserts":1,"retryReasons":[],"status":"passed","title":"setOscType and setVolume update state"},{"ancestorTitles":["soundboard-synth"],"duration":4,"failureDetails":[],"failureMessages":[],"fullName":"soundboard-synth toggleRecord starts and stops recording","invocations":1,"location":null,"numPassingAsserts":3,"retryReasons":[],"status":"passed","title":"toggleRecord starts and stops recording"},{"ancestorTitles":["soundboard-synth"],"duration":3,"failureDetails":[],"failureMessages":[],"fullName":"soundboard-synth playLoop schedules playback","invocations":1,"location":null,"numPassingAsserts":1,"retryReasons":[],"status":"passed","title":"playLoop schedules playback"},{"ancestorTitles":["soundboard-synth"],"duration":4,"failureDetails":[],"failureMessages":[],"fullName":"soundboard-synth clearLoop resets state","invocations":1,"location":null,"numPassingAsserts":2,"retryReasons":[],"status":"passed","title":"clearLoop resets state"}],"endTime":1774860575582,"message":"","name":"J:\\simplewebsites\\simplewebsites\\sites\\soundboard-synth\\__tests__\\app.test.js","startTime":1774860575425,"status":"passed","summary":""},{"assertionResults":[{"ancestorTitles":["Voice to Text Counter"],"duration":1,"failureDetails":[],"failureMessages":[],"fullName":"Voice to Text Counter countWords splits by whitespace and filters empty","invocations":1,"location":null,"numPassingAsserts":3,"retryReasons":[],"status":"passed","title":"countWords splits by whitespace and filters empty"},{"ancestorTitles":["Voice to Text Counter"],"duration":2,"failureDetails":[],"failureMessages":[],"fullName":"Voice to Text Counter countFillers identifies um, uh, like","invocations":1,"location":null,"numPassingAsserts":5,"retryReasons":[],"status":"passed","title":"countFillers identifies um, uh, like"},{"ancestorTitles":["Voice to Text Counter"],"duration":1,"failureDetails":[],"failureMessages":[],"fullName":"Voice to Text Counter totalFillers sums up object values","invocations":1,"location":null,"numPassingAsserts":1,"retryReasons":[],"status":"passed","title":"totalFillers sums up object values"},{"ancestorTitles":["Voice to Text Counter"],"duration":0,"failureDetails":[],"failureMessages":[],"fullName":"Voice to Text Counter calculateWPM handles zero time","invocations":1,"location":null,"numPassingAsserts":2,"retryReasons":[],"status":"passed","title":"calculateWPM handles zero time"},{"ancestorTitles":["Voice to Text Counter"],"duration":0,"failureDetails":[],"failureMessages":[],"fullName":"Voice to Text Counter formatDuration converts seconds to M:SS","invocations":1,"location":null,"numPassingAsserts":2,"retryReasons":[],"status":"passed","title":"formatDuration converts seconds to M:SS"},{"ancestorTitles":["Voice to Text Counter"],"duration":1,"failureDetails":[],"failureMessages":[],"fullName":"Voice to Text Counter highlightFillers wraps words in span","invocations":1,"location":null,"numPassingAsserts":1,"retryReasons":[],"status":"passed","title":"highlightFillers wraps words in span"},{"ancestorTitles":["Voice to Text Counter"],"duration":0,"failureDetails":[],"failureMessages":[],"fullName":"Voice to Text Counter state hooks work","invocations":1,"location":null,"numPassingAsserts":3,"retryReasons":[],"status":"passed","title":"state hooks work"}],"endTime":1774860575585,"message":"","name":"J:\\simplewebsites\\simplewebsites\\sites\\voice-to-text-counter\\__tests__\\app.test.js","startTime":1774860575498,"status":"passed","summary":""},{"assertionResults":[{"ancestorTitles":["Electricity Cost Calculator"],"duration":4,"failureDetails":[],"failureMessages":[],"fullName":"Electricity Cost Calculator PRESETS has common appliances","invocations":1,"location":null,"numPassingAsserts":2,"retryReasons":[],"status":"passed","title":"PRESETS has common appliances"},{"ancestorTitles":["Electricity Cost Calculator"],"duration":19,"failureDetails":[],"failureMessages":[],"fullName":"Electricity Cost Calculator calcCost computes daily/monthly/yearly","invocations":1,"location":null,"numPassingAsserts":3,"retryReasons":[],"status":"passed","title":"calcCost computes daily/monthly/yearly"},{"ancestorTitles":["Electricity Cost Calculator"],"duration":41,"failureDetails":[],"failureMessages":[],"fullName":"Electricity Cost Calculator addAppliance adds to list","invocations":1,"location":null,"numPassingAsserts":2,"retryReasons":[],"status":"passed","title":"addAppliance adds to list"},{"ancestorTitles":["Electricity Cost Calculator"],"duration":11,"failureDetails":[],"failureMessages":[],"fullName":"Electricity Cost Calculator removeAppliance removes","invocations":1,"location":null,"numPassingAsserts":1,"retryReasons":[],"status":"passed","title":"removeAppliance removes"}],"endTime":1774860575640,"message":"","name":"J:\\simplewebsites\\simplewebsites\\sites\\electricity-cost-calculator\\__tests__\\app.test.js","startTime":1774860575441,"status":"passed","summary":""},{"assertionResults":[{"ancestorTitles":["Habit Tracker"],"duration":12,"failureDetails":[],"failureMessages":[],"fullName":"Habit Tracker addHabit adds habit","invocations":1,"location":null,"numPassingAsserts":2,"retryReasons":[],"status":"passed","title":"addHabit adds habit"},{"ancestorTitles":["Habit Tracker"],"duration":7,"failureDetails":[],"failureMessages":[],"fullName":"Habit Tracker removeHabit removes","invocations":1,"location":null,"numPassingAsserts":1,"retryReasons":[],"status":"passed","title":"removeHabit removes"},{"ancestorTitles":["Habit Tracker"],"duration":8,"failureDetails":[],"failureMessages":[],"fullName":"Habit Tracker toggleToday marks done","invocations":1,"location":null,"numPassingAsserts":1,"retryReasons":[],"status":"passed","title":"toggleToday marks done"},{"ancestorTitles":["Habit Tracker"],"duration":1,"failureDetails":[],"failureMessages":[],"fullName":"Habit Tracker calcStreak counts consecutive days","invocations":1,"location":null,"numPassingAsserts":2,"retryReasons":[],"status":"passed","title":"calcStreak counts consecutive days"}],"endTime":1774860575655,"message":"","name":"J:\\simplewebsites\\simplewebsites\\sites\\habit-tracker\\__tests__\\app.test.js","startTime":1774860575530,"status":"passed","summary":""},{"assertionResults":[{"ancestorTitles":["Analytics Module","getGA4Script"],"duration":8,"failureDetails":[],"failureMessages":[],"fullName":"Analytics Module getGA4Script throws error if measurement ID is missing","invocations":1,"location":null,"numPassingAsserts":2,"retryReasons":[],"status":"passed","title":"throws error if measurement ID is missing"},{"ancestorTitles":["Analytics Module","getGA4Script"],"duration":10,"failureDetails":[],"failureMessages":[],"fullName":"Analytics Module getGA4Script generates correct GA4 script tags","invocations":1,"location":null,"numPassingAsserts":2,"retryReasons":[],"status":"passed","title":"generates correct GA4 script tags"},{"ancestorTitles":["Analytics Module","trackEvent"],"duration":2,"failureDetails":[],"failureMessages":[],"fullName":"Analytics Module trackEvent does nothing if window or gtag is undefined","invocations":1,"location":null,"numPassingAsserts":1,"retryReasons":[],"status":"passed","title":"does nothing if window or gtag is undefined"},{"ancestorTitles":["Analytics Module","trackEvent"],"duration":2,"failureDetails":[],"failureMessages":[],"fullName":"Analytics Module trackEvent calls window.gtag with correct parameters","invocations":1,"location":null,"numPassingAsserts":1,"retryReasons":[],"status":"passed","title":"calls window.gtag with correct parameters"},{"ancestorTitles":["Analytics Module","trackEvent"],"duration":0,"failureDetails":[],"failureMessages":[],"fullName":"Analytics Module trackEvent uses empty object if no params provided","invocations":1,"location":null,"numPassingAsserts":1,"retryReasons":[],"status":"passed","title":"uses empty object if no params provided"}],"endTime":1774860575660,"message":"","name":"J:\\simplewebsites\\simplewebsites\\shared\\__tests__\\analytics.test.js","startTime":1774860575559,"status":"passed","summary":""},{"assertionResults":[{"ancestorTitles":["Audio Trimmer"],"duration":24,"failureDetails":[],"failureMessages":[],"fullName":"Audio Trimmer init sets up event listeners","invocations":1,"location":null,"numPassingAsserts":1,"retryReasons":[],"status":"passed","title":"init sets up event listeners"},{"ancestorTitles":["Audio Trimmer"],"duration":45,"failureDetails":[],"failureMessages":[],"fullName":"Audio Trimmer handleFile updates UI and decodes audio","invocations":1,"location":null,"numPassingAsserts":2,"retryReasons":[],"status":"passed","title":"handleFile updates UI and decodes audio"},{"ancestorTitles":["Audio Trimmer"],"duration":6,"failureDetails":[],"failureMessages":[],"fullName":"Audio Trimmer updateSlidersFromInputs updates ratios","invocations":1,"location":null,"numPassingAsserts":1,"retryReasons":[],"status":"passed","title":"updateSlidersFromInputs updates ratios"},{"ancestorTitles":["Audio Trimmer"],"duration":6,"failureDetails":[],"failureMessages":[],"fullName":"Audio Trimmer resetApp clears state","invocations":1,"location":null,"numPassingAsserts":1,"retryReasons":[],"status":"passed","title":"resetApp clears state"}],"endTime":1774860575667,"message":"","name":"J:\\simplewebsites\\simplewebsites\\sites\\audio-trimmer\\__tests__\\app.test.js","startTime":1774860575511,"status":"passed","summary":""},{"assertionResults":[{"ancestorTitles":["SEO Meta Generator"],"duration":8,"failureDetails":[],"failureMessages":[],"fullName":"SEO Meta Generator generateTags updates preview and code","invocations":1,"location":null,"numPassingAsserts":2,"retryReasons":[],"status":"passed","title":"generateTags updates preview and code"},{"ancestorTitles":["SEO Meta Generator"],"duration":5,"failureDetails":[],"failureMessages":[],"fullName":"SEO Meta Generator generateTags handles empty optional fields","invocations":1,"location":null,"numPassingAsserts":1,"retryReasons":[],"status":"passed","title":"generateTags handles empty optional fields"},{"ancestorTitles":["SEO Meta Generator"],"duration":4,"failureDetails":[],"failureMessages":[],"fullName":"SEO Meta Generator copyCSS interaction","invocations":1,"location":null,"numPassingAsserts":1,"retryReasons":[],"status":"passed","title":"copyCSS interaction"}],"endTime":1774860575679,"message":"","name":"J:\\simplewebsites\\simplewebsites\\sites\\seo-meta-generator\\__tests__\\app.test.js","startTime":1774860575576,"status":"passed","summary":""},{"assertionResults":[{"ancestorTitles":["Cloud Service Comparison"],"duration":11,"failureDetails":[],"failureMessages":[],"fullName":"Cloud Service Comparison renderTable correctly partitions by category","invocations":1,"location":null,"numPassingAsserts":1,"retryReasons":[],"status":"passed","title":"renderTable correctly partitions by category"},{"ancestorTitles":["Cloud Service Comparison"],"duration":12,"failureDetails":[],"failureMessages":[],"fullName":"Cloud Service Comparison filterCategory event handling","invocations":1,"location":null,"numPassingAsserts":2,"retryReasons":[],"status":"passed","title":"filterCategory event handling"},{"ancestorTitles":["Cloud Service Comparison"],"duration":2,"failureDetails":[],"failureMessages":[],"fullName":"Cloud Service Comparison renderTable handles invalid body","invocations":1,"location":null,"numPassingAsserts":1,"retryReasons":[],"status":"passed","title":"renderTable handles invalid body"}],"endTime":1774860575685,"message":"","name":"J:\\simplewebsites\\simplewebsites\\sites\\cloud-service-comparison\\__tests__\\app.test.js","startTime":1774860575575,"status":"passed","summary":""},{"assertionResults":[{"ancestorTitles":["Home Maintenance Tracker"],"duration":12,"failureDetails":[],"failureMessages":[],"fullName":"Home Maintenance Tracker PRESET_TASKS has entries","invocations":1,"location":null,"numPassingAsserts":1,"retryReasons":[],"status":"passed","title":"PRESET_TASKS has entries"},{"ancestorTitles":["Home Maintenance Tracker"],"duration":8,"failureDetails":[],"failureMessages":[],"fullName":"Home Maintenance Tracker addTask adds task","invocations":1,"location":null,"numPassingAsserts":1,"retryReasons":[],"status":"passed","title":"addTask adds task"},{"ancestorTitles":["Home Maintenance Tracker"],"duration":11,"failureDetails":[],"failureMessages":[],"fullName":"Home Maintenance Tracker markDone updates lastDone","invocations":1,"location":null,"numPassingAsserts":1,"retryReasons":[],"status":"passed","title":"markDone updates lastDone"},{"ancestorTitles":["Home Maintenance Tracker"],"duration":3,"failureDetails":[],"failureMessages":[],"fullName":"Home Maintenance Tracker getStatus returns overdue for never done","invocations":1,"location":null,"numPassingAsserts":1,"retryReasons":[],"status":"passed","title":"getStatus returns overdue for never done"},{"ancestorTitles":["Home Maintenance Tracker"],"duration":2,"failureDetails":[],"failureMessages":[],"fullName":"Home Maintenance Tracker getStatus returns good for recent","invocations":1,"location":null,"numPassingAsserts":1,"retryReasons":[],"status":"passed","title":"getStatus returns good for recent"},{"ancestorTitles":["Home Maintenance Tracker"],"duration":3,"failureDetails":[],"failureMessages":[],"fullName":"Home Maintenance Tracker removeTask removes","invocations":1,"location":null,"numPassingAsserts":1,"retryReasons":[],"status":"passed","title":"removeTask removes"}],"endTime":1774860575687,"message":"","name":"J:\\simplewebsites\\simplewebsites\\sites\\home-maintenance-tracker\\__tests__\\app.test.js","startTime":1774860575544,"status":"passed","summary":""},{"assertionResults":[{"ancestorTitles":["Color Blindness Simulator"],"duration":1,"failureDetails":[],"failureMessages":[],"fullName":"Color Blindness Simulator TYPES has vision types","invocations":1,"location":null,"numPassingAsserts":2,"retryReasons":[],"status":"passed","title":"TYPES has vision types"},{"ancestorTitles":["Color Blindness Simulator"],"duration":1,"failureDetails":[],"failureMessages":[],"fullName":"Color Blindness Simulator hexToRgb converts correctly","invocations":1,"location":null,"numPassingAsserts":2,"retryReasons":[],"status":"passed","title":"hexToRgb converts correctly"},{"ancestorTitles":["Color Blindness Simulator"],"duration":1,"failureDetails":[],"failureMessages":[],"fullName":"Color Blindness Simulator rgbToHex converts correctly","invocations":1,"location":null,"numPassingAsserts":2,"retryReasons":[],"status":"passed","title":"rgbToHex converts correctly"},{"ancestorTitles":["Color Blindness Simulator"],"duration":0,"failureDetails":[],"failureMessages":[],"fullName":"Color Blindness Simulator applyMatrix transforms colors","invocations":1,"location":null,"numPassingAsserts":1,"retryReasons":[],"status":"passed","title":"applyMatrix transforms colors"},{"ancestorTitles":["Color Blindness Simulator"],"duration":1,"failureDetails":[],"failureMessages":[],"fullName":"Color Blindness Simulator rgbToHex clamps values","invocations":1,"location":null,"numPassingAsserts":1,"retryReasons":[],"status":"passed","title":"rgbToHex clamps values"}],"endTime":1774860575692,"message":"","name":"J:\\simplewebsites\\simplewebsites\\sites\\color-blindness-simulator\\__tests__\\app.test.js","startTime":1774860575599,"status":"passed","summary":""},{"assertionResults":[{"ancestorTitles":["Ads Advanced Coverage"],"duration":8,"failureDetails":[],"failureMessages":[],"fullName":"Ads Advanced Coverage publisherId management","invocations":1,"location":null,"numPassingAsserts":2,"retryReasons":[],"status":"passed","title":"publisherId management"},{"ancestorTitles":["Ads Advanced Coverage"],"duration":2,"failureDetails":[],"failureMessages":[],"fullName":"Ads Advanced Coverage createAdSlot generating HTML","invocations":1,"location":null,"numPassingAsserts":3,"retryReasons":[],"status":"passed","title":"createAdSlot generating HTML"},{"ancestorTitles":["Ads Advanced Coverage"],"duration":0,"failureDetails":[],"failureMessages":[],"fullName":"Ads Advanced Coverage helper scripts generation","invocations":1,"location":null,"numPassingAsserts":3,"retryReasons":[],"status":"passed","title":"helper scripts generation"}],"endTime":1774860575709,"message":"","name":"J:\\simplewebsites\\simplewebsites\\shared\\__tests__\\ads.advanced.test.js","startTime":1774860575591,"status":"passed","summary":""},{"assertionResults":[],"coverage":{},"endTime":1774860579314,"message":"  \u001b[1m● \u001b[22mTest suite failed to run\n\n    Jest worker encountered 4 child process exceptions, exceeding retry limit\n\n      \u001b[2mat ChildProcessWorker.initialize (\u001b[22mnode_modules/jest-worker/build/workers/ChildProcessWorker.js\u001b[2m:181:21)\u001b[22m\n","name":"J:\\simplewebsites\\simplewebsites\\sites\\baby-face-generator\\__tests__\\app.test.js","startTime":1774860579314,"status":"failed","summary":""}],"wasInterrupted":false}
